[0.494s] Invoking command in '/home/aj/ros2_ws/src/cobrotic': PYTHONPATH=/home/aj/ros2_ws/build/cobrotic/prefix_override:/usr/lib/python3/dist-packages/colcon_core/task/python/colcon_distutils_commands:/home/aj/ros2_ws/install/cobrotic/lib/python3.10/site-packages:${PYTHONPATH} /usr/bin/python3 -W ignore:setup.py install is deprecated -W ignore:easy_install command is deprecated setup.py egg_info --egg-base ../../build/cobrotic build --build-base /home/aj/ros2_ws/build/cobrotic/build install --record /home/aj/ros2_ws/build/cobrotic/install.log --single-version-externally-managed install_data
[0.626s] running egg_info
[0.627s] writing ../../build/cobrotic/cobrotic.egg-info/PKG-INFO
[0.628s] writing dependency_links to ../../build/cobrotic/cobrotic.egg-info/dependency_links.txt
[0.629s] writing entry points to ../../build/cobrotic/cobrotic.egg-info/entry_points.txt
[0.629s] writing requirements to ../../build/cobrotic/cobrotic.egg-info/requires.txt
[0.629s] writing top-level names to ../../build/cobrotic/cobrotic.egg-info/top_level.txt
[0.630s] reading manifest file '../../build/cobrotic/cobrotic.egg-info/SOURCES.txt'
[0.631s] writing manifest file '../../build/cobrotic/cobrotic.egg-info/SOURCES.txt'
[0.631s] running build
[0.632s] running build_py
[0.632s] copying scripts/replay_bag_trajectory.py -> /home/aj/ros2_ws/build/cobrotic/build/lib/scripts
[0.633s] copying scripts/pick_an_obj.py -> /home/aj/ros2_ws/build/cobrotic/build/lib/scripts
[0.633s] running install
[0.634s] running install_lib
[0.634s] copying /home/aj/ros2_ws/build/cobrotic/build/lib/scripts/replay_bag_trajectory.py -> /home/aj/ros2_ws/install/cobrotic/lib/python3.10/site-packages/scripts
[0.634s] copying /home/aj/ros2_ws/build/cobrotic/build/lib/scripts/pick_an_obj.py -> /home/aj/ros2_ws/install/cobrotic/lib/python3.10/site-packages/scripts
[0.635s] byte-compiling /home/aj/ros2_ws/install/cobrotic/lib/python3.10/site-packages/scripts/replay_bag_trajectory.py to replay_bag_trajectory.cpython-310.pyc
[0.638s] byte-compiling /home/aj/ros2_ws/install/cobrotic/lib/python3.10/site-packages/scripts/pick_an_obj.py to pick_an_obj.cpython-310.pyc
[0.638s] running install_data
[0.638s] running install_egg_info
[0.639s] removing '/home/aj/ros2_ws/install/cobrotic/lib/python3.10/site-packages/cobrotic-0.0.0-py3.10.egg-info' (and everything under it)
[0.639s] Copying ../../build/cobrotic/cobrotic.egg-info to /home/aj/ros2_ws/install/cobrotic/lib/python3.10/site-packages/cobrotic-0.0.0-py3.10.egg-info
[0.640s] running install_scripts
[0.652s] Installing moveit2_to_arduino script to /home/aj/ros2_ws/install/cobrotic/lib/cobrotic
[0.652s] Installing pose_recorder script to /home/aj/ros2_ws/install/cobrotic/lib/cobrotic
[0.653s] Installing ros2_to_arduino script to /home/aj/ros2_ws/install/cobrotic/lib/cobrotic
[0.653s] writing list of installed files to '/home/aj/ros2_ws/build/cobrotic/install.log'
[0.666s] Invoked command in '/home/aj/ros2_ws/src/cobrotic' returned '0': PYTHONPATH=/home/aj/ros2_ws/build/cobrotic/prefix_override:/usr/lib/python3/dist-packages/colcon_core/task/python/colcon_distutils_commands:/home/aj/ros2_ws/install/cobrotic/lib/python3.10/site-packages:${PYTHONPATH} /usr/bin/python3 -W ignore:setup.py install is deprecated -W ignore:easy_install command is deprecated setup.py egg_info --egg-base ../../build/cobrotic build --build-base /home/aj/ros2_ws/build/cobrotic/build install --record /home/aj/ros2_ws/build/cobrotic/install.log --single-version-externally-managed install_data
