[0.082s] DEBUG:colcon:Command line arguments: ['/usr/bin/colcon', 'build']
[0.082s] DEBUG:colcon:Parsed command line arguments: Namespace(log_base=None, log_level=None, verb_name='build', build_base='build', install_base='install', merge_install=False, symlink_install=False, test_result_base=None, continue_on_error=False, executor='parallel', parallel_workers=16, event_handlers=None, ignore_user_meta=False, metas=['./colcon.meta'], base_paths=['.'], packages_ignore=None, packages_ignore_regex=None, paths=None, packages_up_to=None, packages_up_to_regex=None, packages_above=None, packages_above_and_dependencies=None, packages_above_depth=None, packages_select_by_dep=None, packages_skip_by_dep=None, packages_skip_up_to=None, packages_select_build_failed=False, packages_skip_build_finished=False, packages_select_test_failures=False, packages_skip_test_passed=False, packages_select=None, packages_skip=None, packages_select_regex=None, packages_skip_regex=None, packages_start=None, packages_end=None, allow_overriding=[], cmake_args=None, cmake_target=None, cmake_target_skip_unavailable=False, cmake_clean_cache=False, cmake_clean_first=False, cmake_force_configure=False, ament_cmake_args=None, catkin_cmake_args=None, catkin_skip_building_tests=False, mixin_files=None, mixin=None, verb_parser=<colcon_mixin.mixin.mixin_argument.MixinArgumentDecorator object at 0x77fd0ee5de70>, verb_extension=<colcon_core.verb.build.BuildVerb object at 0x77fd0ee5d7e0>, main=<bound method BuildVerb.main of <colcon_core.verb.build.BuildVerb object at 0x77fd0ee5d7e0>>, mixin_verb=('build',))
[0.168s] Level 1:colcon.colcon_core.package_discovery:discover_packages(colcon_meta) check parameters
[0.168s] Level 1:colcon.colcon_core.package_discovery:discover_packages(recursive) check parameters
[0.168s] Level 1:colcon.colcon_core.package_discovery:discover_packages(ignore) check parameters
[0.168s] Level 1:colcon.colcon_core.package_discovery:discover_packages(path) check parameters
[0.168s] Level 1:colcon.colcon_core.package_discovery:discover_packages(colcon_meta) discover
[0.168s] Level 1:colcon.colcon_core.package_discovery:discover_packages(recursive) discover
[0.168s] INFO:colcon.colcon_core.package_discovery:Crawling recursively for packages in '/home/aj/ros2_ws'
[0.168s] Level 1:colcon.colcon_core.package_identification:_identify(.) by extensions ['ignore', 'ignore_ament_install']
[0.168s] Level 1:colcon.colcon_core.package_identification:_identify(.) by extension 'ignore'
[0.168s] Level 1:colcon.colcon_core.package_identification:_identify(.) by extension 'ignore_ament_install'
[0.168s] Level 1:colcon.colcon_core.package_identification:_identify(.) by extensions ['colcon_pkg']
[0.168s] Level 1:colcon.colcon_core.package_identification:_identify(.) by extension 'colcon_pkg'
[0.168s] Level 1:colcon.colcon_core.package_identification:_identify(.) by extensions ['colcon_meta']
[0.168s] Level 1:colcon.colcon_core.package_identification:_identify(.) by extension 'colcon_meta'
[0.168s] Level 1:colcon.colcon_core.package_identification:_identify(.) by extensions ['ros']
[0.168s] Level 1:colcon.colcon_core.package_identification:_identify(.) by extension 'ros'
[0.176s] Level 1:colcon.colcon_core.package_identification:_identify(.) by extensions ['cmake', 'python']
[0.176s] Level 1:colcon.colcon_core.package_identification:_identify(.) by extension 'cmake'
[0.176s] Level 1:colcon.colcon_core.package_identification:_identify(.) by extension 'python'
[0.176s] Level 1:colcon.colcon_core.package_identification:_identify(.) by extensions ['python_setup_py']
[0.176s] Level 1:colcon.colcon_core.package_identification:_identify(.) by extension 'python_setup_py'
[0.176s] Level 1:colcon.colcon_core.package_identification:_identify(build) by extensions ['ignore', 'ignore_ament_install']
[0.176s] Level 1:colcon.colcon_core.package_identification:_identify(build) by extension 'ignore'
[0.176s] Level 1:colcon.colcon_core.package_identification:_identify(build) ignored
[0.176s] Level 1:colcon.colcon_core.package_identification:_identify(install) by extensions ['ignore', 'ignore_ament_install']
[0.176s] Level 1:colcon.colcon_core.package_identification:_identify(install) by extension 'ignore'
[0.176s] Level 1:colcon.colcon_core.package_identification:_identify(install) ignored
[0.176s] Level 1:colcon.colcon_core.package_identification:_identify(log) by extensions ['ignore', 'ignore_ament_install']
[0.176s] Level 1:colcon.colcon_core.package_identification:_identify(log) by extension 'ignore'
[0.176s] Level 1:colcon.colcon_core.package_identification:_identify(log) ignored
[0.176s] Level 1:colcon.colcon_core.package_identification:_identify(src) by extensions ['ignore', 'ignore_ament_install']
[0.176s] Level 1:colcon.colcon_core.package_identification:_identify(src) by extension 'ignore'
[0.176s] Level 1:colcon.colcon_core.package_identification:_identify(src) by extension 'ignore_ament_install'
[0.176s] Level 1:colcon.colcon_core.package_identification:_identify(src) by extensions ['colcon_pkg']
[0.176s] Level 1:colcon.colcon_core.package_identification:_identify(src) by extension 'colcon_pkg'
[0.176s] Level 1:colcon.colcon_core.package_identification:_identify(src) by extensions ['colcon_meta']
[0.176s] Level 1:colcon.colcon_core.package_identification:_identify(src) by extension 'colcon_meta'
[0.176s] Level 1:colcon.colcon_core.package_identification:_identify(src) by extensions ['ros']
[0.177s] Level 1:colcon.colcon_core.package_identification:_identify(src) by extension 'ros'
[0.177s] Level 1:colcon.colcon_core.package_identification:_identify(src) by extensions ['cmake', 'python']
[0.177s] Level 1:colcon.colcon_core.package_identification:_identify(src) by extension 'cmake'
[0.177s] Level 1:colcon.colcon_core.package_identification:_identify(src) by extension 'python'
[0.177s] Level 1:colcon.colcon_core.package_identification:_identify(src) by extensions ['python_setup_py']
[0.177s] Level 1:colcon.colcon_core.package_identification:_identify(src) by extension 'python_setup_py'
[0.177s] Level 1:colcon.colcon_core.package_identification:_identify(src/cobra_moveit_config) by extensions ['ignore', 'ignore_ament_install']
[0.177s] Level 1:colcon.colcon_core.package_identification:_identify(src/cobra_moveit_config) by extension 'ignore'
[0.177s] Level 1:colcon.colcon_core.package_identification:_identify(src/cobra_moveit_config) by extension 'ignore_ament_install'
[0.177s] Level 1:colcon.colcon_core.package_identification:_identify(src/cobra_moveit_config) by extensions ['colcon_pkg']
[0.177s] Level 1:colcon.colcon_core.package_identification:_identify(src/cobra_moveit_config) by extension 'colcon_pkg'
[0.177s] Level 1:colcon.colcon_core.package_identification:_identify(src/cobra_moveit_config) by extensions ['colcon_meta']
[0.177s] Level 1:colcon.colcon_core.package_identification:_identify(src/cobra_moveit_config) by extension 'colcon_meta'
[0.177s] Level 1:colcon.colcon_core.package_identification:_identify(src/cobra_moveit_config) by extensions ['ros']
[0.177s] Level 1:colcon.colcon_core.package_identification:_identify(src/cobra_moveit_config) by extension 'ros'
[0.178s] DEBUG:colcon.colcon_core.package_identification:Package 'src/cobra_moveit_config' with type 'ros.ament_cmake' and name 'cobra_moveit_config'
[0.178s] Level 1:colcon.colcon_core.package_identification:_identify(src/cobrotic) by extensions ['ignore', 'ignore_ament_install']
[0.178s] Level 1:colcon.colcon_core.package_identification:_identify(src/cobrotic) by extension 'ignore'
[0.179s] Level 1:colcon.colcon_core.package_identification:_identify(src/cobrotic) by extension 'ignore_ament_install'
[0.179s] Level 1:colcon.colcon_core.package_identification:_identify(src/cobrotic) by extensions ['colcon_pkg']
[0.179s] Level 1:colcon.colcon_core.package_identification:_identify(src/cobrotic) by extension 'colcon_pkg'
[0.179s] Level 1:colcon.colcon_core.package_identification:_identify(src/cobrotic) by extensions ['colcon_meta']
[0.179s] Level 1:colcon.colcon_core.package_identification:_identify(src/cobrotic) by extension 'colcon_meta'
[0.179s] Level 1:colcon.colcon_core.package_identification:_identify(src/cobrotic) by extensions ['ros']
[0.179s] Level 1:colcon.colcon_core.package_identification:_identify(src/cobrotic) by extension 'ros'
[0.179s] DEBUG:colcon.colcon_core.package_identification:Package 'src/cobrotic' with type 'ros.ament_python' and name 'cobrotic'
[0.179s] Level 1:colcon.colcon_core.package_discovery:discover_packages(recursive) using defaults
[0.179s] Level 1:colcon.colcon_core.package_discovery:discover_packages(ignore) discover
[0.179s] Level 1:colcon.colcon_core.package_discovery:discover_packages(ignore) using defaults
[0.179s] Level 1:colcon.colcon_core.package_discovery:discover_packages(path) discover
[0.179s] Level 1:colcon.colcon_core.package_discovery:discover_packages(path) using defaults
[0.196s] Level 1:colcon.colcon_core.package_discovery:discover_packages(prefix_path) check parameters
[0.196s] Level 1:colcon.colcon_core.package_discovery:discover_packages(prefix_path) discover
[0.197s] DEBUG:colcon.colcon_installed_package_information.package_discovery:Found 2 installed packages in /home/aj/ros2_ws/install
[0.197s] DEBUG:colcon.colcon_installed_package_information.package_discovery:Found 359 installed packages in /opt/ros/humble
[0.198s] Level 1:colcon.colcon_core.package_discovery:discover_packages(prefix_path) using defaults
[0.220s] Level 5:colcon.colcon_core.verb:set package 'cobrotic' build argument 'cmake_args' from command line to 'None'
[0.220s] Level 5:colcon.colcon_core.verb:set package 'cobrotic' build argument 'cmake_target' from command line to 'None'
[0.221s] Level 5:colcon.colcon_core.verb:set package 'cobrotic' build argument 'cmake_target_skip_unavailable' from command line to 'False'
[0.221s] Level 5:colcon.colcon_core.verb:set package 'cobrotic' build argument 'cmake_clean_cache' from command line to 'False'
[0.221s] Level 5:colcon.colcon_core.verb:set package 'cobrotic' build argument 'cmake_clean_first' from command line to 'False'
[0.221s] Level 5:colcon.colcon_core.verb:set package 'cobrotic' build argument 'cmake_force_configure' from command line to 'False'
[0.221s] Level 5:colcon.colcon_core.verb:set package 'cobrotic' build argument 'ament_cmake_args' from command line to 'None'
[0.221s] Level 5:colcon.colcon_core.verb:set package 'cobrotic' build argument 'catkin_cmake_args' from command line to 'None'
[0.221s] Level 5:colcon.colcon_core.verb:set package 'cobrotic' build argument 'catkin_skip_building_tests' from command line to 'False'
[0.221s] DEBUG:colcon.colcon_core.verb:Building package 'cobrotic' with the following arguments: {'ament_cmake_args': None, 'build_base': '/home/aj/ros2_ws/build/cobrotic', 'catkin_cmake_args': None, 'catkin_skip_building_tests': False, 'cmake_args': None, 'cmake_clean_cache': False, 'cmake_clean_first': False, 'cmake_force_configure': False, 'cmake_target': None, 'cmake_target_skip_unavailable': False, 'install_base': '/home/aj/ros2_ws/install/cobrotic', 'merge_install': False, 'path': '/home/aj/ros2_ws/src/cobrotic', 'symlink_install': False, 'test_result_base': None}
[0.221s] Level 5:colcon.colcon_core.verb:set package 'cobra_moveit_config' build argument 'cmake_args' from command line to 'None'
[0.221s] Level 5:colcon.colcon_core.verb:set package 'cobra_moveit_config' build argument 'cmake_target' from command line to 'None'
[0.221s] Level 5:colcon.colcon_core.verb:set package 'cobra_moveit_config' build argument 'cmake_target_skip_unavailable' from command line to 'False'
[0.221s] Level 5:colcon.colcon_core.verb:set package 'cobra_moveit_config' build argument 'cmake_clean_cache' from command line to 'False'
[0.221s] Level 5:colcon.colcon_core.verb:set package 'cobra_moveit_config' build argument 'cmake_clean_first' from command line to 'False'
[0.221s] Level 5:colcon.colcon_core.verb:set package 'cobra_moveit_config' build argument 'cmake_force_configure' from command line to 'False'
[0.221s] Level 5:colcon.colcon_core.verb:set package 'cobra_moveit_config' build argument 'ament_cmake_args' from command line to 'None'
[0.221s] Level 5:colcon.colcon_core.verb:set package 'cobra_moveit_config' build argument 'catkin_cmake_args' from command line to 'None'
[0.221s] Level 5:colcon.colcon_core.verb:set package 'cobra_moveit_config' build argument 'catkin_skip_building_tests' from command line to 'False'
[0.221s] DEBUG:colcon.colcon_core.verb:Building package 'cobra_moveit_config' with the following arguments: {'ament_cmake_args': None, 'build_base': '/home/aj/ros2_ws/build/cobra_moveit_config', 'catkin_cmake_args': None, 'catkin_skip_building_tests': False, 'cmake_args': None, 'cmake_clean_cache': False, 'cmake_clean_first': False, 'cmake_force_configure': False, 'cmake_target': None, 'cmake_target_skip_unavailable': False, 'install_base': '/home/aj/ros2_ws/install/cobra_moveit_config', 'merge_install': False, 'path': '/home/aj/ros2_ws/src/cobra_moveit_config', 'symlink_install': False, 'test_result_base': None}
[0.221s] INFO:colcon.colcon_core.executor:Executing jobs using 'parallel' executor
[0.222s] DEBUG:colcon.colcon_parallel_executor.executor.parallel:run_until_complete
[0.222s] INFO:colcon.colcon_ros.task.ament_python.build:Building ROS package in '/home/aj/ros2_ws/src/cobrotic' with build type 'ament_python'
[0.222s] Level 1:colcon.colcon_core.shell:create_environment_hook('cobrotic', 'ament_prefix_path')
[0.223s] INFO:colcon.colcon_core.plugin_system:Skipping extension 'colcon_core.shell.bat': Not used on non-Windows systems
[0.224s] INFO:colcon.colcon_core.shell:Creating environment hook '/home/aj/ros2_ws/install/cobrotic/share/cobrotic/hook/ament_prefix_path.ps1'
[0.224s] INFO:colcon.colcon_core.shell:Creating environment descriptor '/home/aj/ros2_ws/install/cobrotic/share/cobrotic/hook/ament_prefix_path.dsv'
[0.224s] INFO:colcon.colcon_core.shell:Creating environment hook '/home/aj/ros2_ws/install/cobrotic/share/cobrotic/hook/ament_prefix_path.sh'
[0.225s] INFO:colcon.colcon_core.shell:Skip shell extension 'powershell' for command environment: Not usable outside of PowerShell
[0.225s] DEBUG:colcon.colcon_core.shell:Skip shell extension 'dsv' for command environment
[0.365s] INFO:colcon.colcon_core.task.python.build:Building Python package in '/home/aj/ros2_ws/src/cobrotic'
[0.365s] INFO:colcon.colcon_core.shell:Skip shell extension 'powershell' for command environment: Not usable outside of PowerShell
[0.365s] DEBUG:colcon.colcon_core.shell:Skip shell extension 'dsv' for command environment
[0.555s] DEBUG:colcon.colcon_core.event_handler.log_command:Invoking command in '/home/aj/ros2_ws/src/cobrotic': PYTHONPATH=/home/aj/ros2_ws/build/cobrotic/prefix_override:/usr/lib/python3/dist-packages/colcon_core/task/python/colcon_distutils_commands:/home/aj/ros2_ws/install/cobrotic/lib/python3.10/site-packages:${PYTHONPATH} /usr/bin/python3 -W ignore:setup.py install is deprecated -W ignore:easy_install command is deprecated setup.py egg_info --egg-base ../../build/cobrotic build --build-base /home/aj/ros2_ws/build/cobrotic/build install --record /home/aj/ros2_ws/build/cobrotic/install.log --single-version-externally-managed install_data
[0.706s] DEBUG:colcon.colcon_core.event_handler.log_command:Invoked command in '/home/aj/ros2_ws/src/cobrotic' returned '0': PYTHONPATH=/home/aj/ros2_ws/build/cobrotic/prefix_override:/usr/lib/python3/dist-packages/colcon_core/task/python/colcon_distutils_commands:/home/aj/ros2_ws/install/cobrotic/lib/python3.10/site-packages:${PYTHONPATH} /usr/bin/python3 -W ignore:setup.py install is deprecated -W ignore:easy_install command is deprecated setup.py egg_info --egg-base ../../build/cobrotic build --build-base /home/aj/ros2_ws/build/cobrotic/build install --record /home/aj/ros2_ws/build/cobrotic/install.log --single-version-externally-managed install_data
[0.708s] Level 1:colcon.colcon_core.environment:checking '/home/aj/ros2_ws/install/cobrotic' for CMake module files
[0.708s] Level 1:colcon.colcon_core.environment:checking '/home/aj/ros2_ws/install/cobrotic' for CMake config files
[0.708s] Level 1:colcon.colcon_core.environment:checking '/home/aj/ros2_ws/install/cobrotic/lib'
[0.708s] Level 1:colcon.colcon_core.environment:checking '/home/aj/ros2_ws/install/cobrotic/bin'
[0.708s] Level 1:colcon.colcon_core.environment:checking '/home/aj/ros2_ws/install/cobrotic/lib/pkgconfig/cobrotic.pc'
[0.709s] Level 1:colcon.colcon_core.environment:checking '/home/aj/ros2_ws/install/cobrotic/lib/python3.10/site-packages'
[0.709s] Level 1:colcon.colcon_core.shell:create_environment_hook('cobrotic', 'pythonpath')
[0.709s] INFO:colcon.colcon_core.shell:Creating environment hook '/home/aj/ros2_ws/install/cobrotic/share/cobrotic/hook/pythonpath.ps1'
[0.709s] INFO:colcon.colcon_core.shell:Creating environment descriptor '/home/aj/ros2_ws/install/cobrotic/share/cobrotic/hook/pythonpath.dsv'
[0.709s] INFO:colcon.colcon_core.shell:Creating environment hook '/home/aj/ros2_ws/install/cobrotic/share/cobrotic/hook/pythonpath.sh'
[0.710s] Level 1:colcon.colcon_core.environment:checking '/home/aj/ros2_ws/install/cobrotic/bin'
[0.710s] Level 1:colcon.colcon_core.environment:create_environment_scripts_only(cobrotic)
[0.710s] INFO:colcon.colcon_core.shell:Creating package script '/home/aj/ros2_ws/install/cobrotic/share/cobrotic/package.ps1'
[0.710s] INFO:colcon.colcon_core.shell:Creating package descriptor '/home/aj/ros2_ws/install/cobrotic/share/cobrotic/package.dsv'
[0.711s] INFO:colcon.colcon_core.shell:Creating package script '/home/aj/ros2_ws/install/cobrotic/share/cobrotic/package.sh'
[0.711s] INFO:colcon.colcon_core.shell:Creating package script '/home/aj/ros2_ws/install/cobrotic/share/cobrotic/package.bash'
[0.711s] INFO:colcon.colcon_core.shell:Creating package script '/home/aj/ros2_ws/install/cobrotic/share/cobrotic/package.zsh'
[0.712s] Level 1:colcon.colcon_core.environment:create_file_with_runtime_dependencies(/home/aj/ros2_ws/install/cobrotic/share/colcon-core/packages/cobrotic)
[0.712s] INFO:colcon.colcon_ros.task.ament_cmake.build:Building ROS package in '/home/aj/ros2_ws/src/cobra_moveit_config' with build type 'ament_cmake'
[0.712s] INFO:colcon.colcon_cmake.task.cmake.build:Building CMake package in '/home/aj/ros2_ws/src/cobra_moveit_config'
[0.712s] INFO:colcon.colcon_core.shell:Skip shell extension 'powershell' for command environment: Not usable outside of PowerShell
[0.712s] DEBUG:colcon.colcon_core.shell:Skip shell extension 'dsv' for command environment
[0.751s] DEBUG:colcon.colcon_core.event_handler.log_command:Invoking command in '/home/aj/ros2_ws/build/cobra_moveit_config': AMENT_PREFIX_PATH=/home/aj/ros2_ws/install/cobrotic:/home/aj/ros2_ws/install/cobra_moveit_config:/opt/ros/humble CMAKE_PREFIX_PATH=${CMAKE_PREFIX_PATH}:/home/aj/ros2_ws/install/cobrotic:/opt/ros/humble /usr/bin/cmake --build /home/aj/ros2_ws/build/cobra_moveit_config -- -j16 -l16
[0.771s] DEBUG:colcon.colcon_core.event_handler.log_command:Invoked command in '/home/aj/ros2_ws/build/cobra_moveit_config' returned '0': AMENT_PREFIX_PATH=/home/aj/ros2_ws/install/cobrotic:/home/aj/ros2_ws/install/cobra_moveit_config:/opt/ros/humble CMAKE_PREFIX_PATH=${CMAKE_PREFIX_PATH}:/home/aj/ros2_ws/install/cobrotic:/opt/ros/humble /usr/bin/cmake --build /home/aj/ros2_ws/build/cobra_moveit_config -- -j16 -l16
[0.776s] DEBUG:colcon.colcon_core.event_handler.log_command:Invoking command in '/home/aj/ros2_ws/build/cobra_moveit_config': AMENT_PREFIX_PATH=/home/aj/ros2_ws/install/cobrotic:/home/aj/ros2_ws/install/cobra_moveit_config:/opt/ros/humble CMAKE_PREFIX_PATH=${CMAKE_PREFIX_PATH}:/home/aj/ros2_ws/install/cobrotic:/opt/ros/humble /usr/bin/cmake --install /home/aj/ros2_ws/build/cobra_moveit_config
[0.783s] Level 1:colcon.colcon_core.environment:create_environment_scripts_only(cobra_moveit_config)
[0.783s] Level 1:colcon.colcon_core.environment:checking '/home/aj/ros2_ws/install/cobra_moveit_config' for CMake module files
[0.783s] DEBUG:colcon.colcon_core.event_handler.log_command:Invoked command in '/home/aj/ros2_ws/build/cobra_moveit_config' returned '0': AMENT_PREFIX_PATH=/home/aj/ros2_ws/install/cobrotic:/home/aj/ros2_ws/install/cobra_moveit_config:/opt/ros/humble CMAKE_PREFIX_PATH=${CMAKE_PREFIX_PATH}:/home/aj/ros2_ws/install/cobrotic:/opt/ros/humble /usr/bin/cmake --install /home/aj/ros2_ws/build/cobra_moveit_config
[0.783s] Level 1:colcon.colcon_core.environment:checking '/home/aj/ros2_ws/install/cobra_moveit_config' for CMake config files
[0.784s] Level 1:colcon.colcon_core.shell:create_environment_hook('cobra_moveit_config', 'cmake_prefix_path')
[0.784s] INFO:colcon.colcon_core.shell:Creating environment hook '/home/aj/ros2_ws/install/cobra_moveit_config/share/cobra_moveit_config/hook/cmake_prefix_path.ps1'
[0.784s] INFO:colcon.colcon_core.shell:Creating environment descriptor '/home/aj/ros2_ws/install/cobra_moveit_config/share/cobra_moveit_config/hook/cmake_prefix_path.dsv'
[0.784s] INFO:colcon.colcon_core.shell:Creating environment hook '/home/aj/ros2_ws/install/cobra_moveit_config/share/cobra_moveit_config/hook/cmake_prefix_path.sh'
[0.785s] Level 1:colcon.colcon_core.environment:checking '/home/aj/ros2_ws/install/cobra_moveit_config/bin'
[0.785s] Level 1:colcon.colcon_core.environment:checking '/home/aj/ros2_ws/install/cobra_moveit_config/lib/pkgconfig/cobra_moveit_config.pc'
[0.785s] Level 1:colcon.colcon_core.environment:checking '/home/aj/ros2_ws/install/cobra_moveit_config/lib/python3.10/site-packages'
[0.785s] Level 1:colcon.colcon_core.environment:checking '/home/aj/ros2_ws/install/cobra_moveit_config/bin'
[0.785s] INFO:colcon.colcon_core.shell:Creating package script '/home/aj/ros2_ws/install/cobra_moveit_config/share/cobra_moveit_config/package.ps1'
[0.785s] INFO:colcon.colcon_core.shell:Creating package descriptor '/home/aj/ros2_ws/install/cobra_moveit_config/share/cobra_moveit_config/package.dsv'
[0.786s] INFO:colcon.colcon_core.shell:Creating package script '/home/aj/ros2_ws/install/cobra_moveit_config/share/cobra_moveit_config/package.sh'
[0.786s] INFO:colcon.colcon_core.shell:Creating package script '/home/aj/ros2_ws/install/cobra_moveit_config/share/cobra_moveit_config/package.bash'
[0.786s] INFO:colcon.colcon_core.shell:Creating package script '/home/aj/ros2_ws/install/cobra_moveit_config/share/cobra_moveit_config/package.zsh'
[0.786s] Level 1:colcon.colcon_core.environment:create_file_with_runtime_dependencies(/home/aj/ros2_ws/install/cobra_moveit_config/share/colcon-core/packages/cobra_moveit_config)
[0.787s] Level 1:colcon.colcon_core.environment:create_environment_scripts_only(cobra_moveit_config)
[0.787s] Level 1:colcon.colcon_core.environment:checking '/home/aj/ros2_ws/install/cobra_moveit_config' for CMake module files
[0.787s] Level 1:colcon.colcon_core.environment:checking '/home/aj/ros2_ws/install/cobra_moveit_config' for CMake config files
[0.787s] Level 1:colcon.colcon_core.shell:create_environment_hook('cobra_moveit_config', 'cmake_prefix_path')
[0.787s] INFO:colcon.colcon_core.shell:Creating environment hook '/home/aj/ros2_ws/install/cobra_moveit_config/share/cobra_moveit_config/hook/cmake_prefix_path.ps1'
[0.787s] INFO:colcon.colcon_core.shell:Creating environment descriptor '/home/aj/ros2_ws/install/cobra_moveit_config/share/cobra_moveit_config/hook/cmake_prefix_path.dsv'
[0.788s] INFO:colcon.colcon_core.shell:Creating environment hook '/home/aj/ros2_ws/install/cobra_moveit_config/share/cobra_moveit_config/hook/cmake_prefix_path.sh'
[0.788s] Level 1:colcon.colcon_core.environment:checking '/home/aj/ros2_ws/install/cobra_moveit_config/bin'
[0.788s] Level 1:colcon.colcon_core.environment:checking '/home/aj/ros2_ws/install/cobra_moveit_config/lib/pkgconfig/cobra_moveit_config.pc'
[0.788s] Level 1:colcon.colcon_core.environment:checking '/home/aj/ros2_ws/install/cobra_moveit_config/lib/python3.10/site-packages'
[0.788s] Level 1:colcon.colcon_core.environment:checking '/home/aj/ros2_ws/install/cobra_moveit_config/bin'
[0.788s] INFO:colcon.colcon_core.shell:Creating package script '/home/aj/ros2_ws/install/cobra_moveit_config/share/cobra_moveit_config/package.ps1'
[0.789s] INFO:colcon.colcon_core.shell:Creating package descriptor '/home/aj/ros2_ws/install/cobra_moveit_config/share/cobra_moveit_config/package.dsv'
[0.789s] INFO:colcon.colcon_core.shell:Creating package script '/home/aj/ros2_ws/install/cobra_moveit_config/share/cobra_moveit_config/package.sh'
[0.789s] INFO:colcon.colcon_core.shell:Creating package script '/home/aj/ros2_ws/install/cobra_moveit_config/share/cobra_moveit_config/package.bash'
[0.789s] INFO:colcon.colcon_core.shell:Creating package script '/home/aj/ros2_ws/install/cobra_moveit_config/share/cobra_moveit_config/package.zsh'
[0.790s] Level 1:colcon.colcon_core.environment:create_file_with_runtime_dependencies(/home/aj/ros2_ws/install/cobra_moveit_config/share/colcon-core/packages/cobra_moveit_config)
[0.790s] DEBUG:colcon.colcon_parallel_executor.executor.parallel:closing loop
[0.790s] DEBUG:colcon.colcon_parallel_executor.executor.parallel:loop closed
[0.790s] DEBUG:colcon.colcon_parallel_executor.executor.parallel:run_until_complete finished with '0'
[0.790s] DEBUG:colcon.colcon_core.event_reactor:joining thread
[0.809s] INFO:colcon.colcon_core.plugin_system:Skipping extension 'colcon_notification.desktop_notification.notify_send': Could not find 'notify-send'
[0.809s] INFO:colcon.colcon_core.plugin_system:Skipping extension 'colcon_notification.desktop_notification.terminal_notifier': Not used on non-Darwin systems
[0.809s] INFO:colcon.colcon_core.plugin_system:Skipping extension 'colcon_notification.desktop_notification.win32': Not used on non-Windows systems
[0.809s] INFO:colcon.colcon_notification.desktop_notification:Sending desktop notification using 'notify2'
[0.809s] DEBUG:colcon.colcon_notification.desktop_notification.notify2:Failed to initialize notify2: org.freedesktop.DBus.Error.FileNotFound: Failed to connect to socket /run/user/1000/bus: No such file or directory
[0.810s] DEBUG:colcon.colcon_core.event_reactor:joined thread
[0.810s] INFO:colcon.colcon_core.shell:Creating prefix script '/home/aj/ros2_ws/install/local_setup.ps1'
[0.810s] INFO:colcon.colcon_core.shell:Creating prefix util module '/home/aj/ros2_ws/install/_local_setup_util_ps1.py'
[0.811s] INFO:colcon.colcon_core.shell:Creating prefix chain script '/home/aj/ros2_ws/install/setup.ps1'
[0.812s] INFO:colcon.colcon_core.shell:Creating prefix script '/home/aj/ros2_ws/install/local_setup.sh'
[0.812s] INFO:colcon.colcon_core.shell:Creating prefix util module '/home/aj/ros2_ws/install/_local_setup_util_sh.py'
[0.812s] INFO:colcon.colcon_core.shell:Creating prefix chain script '/home/aj/ros2_ws/install/setup.sh'
[0.813s] INFO:colcon.colcon_core.shell:Creating prefix script '/home/aj/ros2_ws/install/local_setup.bash'
[0.813s] INFO:colcon.colcon_core.shell:Creating prefix chain script '/home/aj/ros2_ws/install/setup.bash'
[0.814s] INFO:colcon.colcon_core.shell:Creating prefix script '/home/aj/ros2_ws/install/local_setup.zsh'
[0.814s] INFO:colcon.colcon_core.shell:Creating prefix chain script '/home/aj/ros2_ws/install/setup.zsh'
