[0.235s] DEBUG:colcon:Command line arguments: ['/usr/bin/colcon', 'build']
[0.235s] DEBUG:colcon:Parsed command line arguments: Namespace(log_base=None, log_level=None, verb_name='build', build_base='build', install_base='install', merge_install=False, symlink_install=False, test_result_base=None, continue_on_error=False, executor='parallel', parallel_workers=16, event_handlers=None, ignore_user_meta=False, metas=['./colcon.meta'], base_paths=['.'], packages_ignore=None, packages_ignore_regex=None, paths=None, packages_up_to=None, packages_up_to_regex=None, packages_above=None, packages_above_and_dependencies=None, packages_above_depth=None, packages_select_by_dep=None, packages_skip_by_dep=None, packages_skip_up_to=None, packages_select_build_failed=False, packages_skip_build_finished=False, packages_select_test_failures=False, packages_skip_test_passed=False, packages_select=None, packages_skip=None, packages_select_regex=None, packages_skip_regex=None, packages_start=None, packages_end=None, allow_overriding=[], cmake_args=None, cmake_target=None, cmake_target_skip_unavailable=False, cmake_clean_cache=False, cmake_clean_first=False, cmake_force_configure=False, ament_cmake_args=None, catkin_cmake_args=None, catkin_skip_building_tests=False, mixin_files=None, mixin=None, verb_parser=<colcon_mixin.mixin.mixin_argument.MixinArgumentDecorator object at 0x707e70f5dbd0>, verb_extension=<colcon_core.verb.build.BuildVerb object at 0x707e70f5d540>, main=<bound method BuildVerb.main of <colcon_core.verb.build.BuildVerb object at 0x707e70f5d540>>, mixin_verb=('build',))
[0.429s] Level 1:colcon.colcon_core.package_discovery:discover_packages(colcon_meta) check parameters
[0.429s] Level 1:colcon.colcon_core.package_discovery:discover_packages(recursive) check parameters
[0.429s] Level 1:colcon.colcon_core.package_discovery:discover_packages(ignore) check parameters
[0.429s] Level 1:colcon.colcon_core.package_discovery:discover_packages(path) check parameters
[0.429s] Level 1:colcon.colcon_core.package_discovery:discover_packages(colcon_meta) discover
[0.429s] Level 1:colcon.colcon_core.package_discovery:discover_packages(recursive) discover
[0.429s] INFO:colcon.colcon_core.package_discovery:Crawling recursively for packages in '/home/aj/ros2_ws'
[0.429s] Level 1:colcon.colcon_core.package_identification:_identify(.) by extensions ['ignore', 'ignore_ament_install']
[0.429s] Level 1:colcon.colcon_core.package_identification:_identify(.) by extension 'ignore'
[0.429s] Level 1:colcon.colcon_core.package_identification:_identify(.) by extension 'ignore_ament_install'
[0.430s] Level 1:colcon.colcon_core.package_identification:_identify(.) by extensions ['colcon_pkg']
[0.430s] Level 1:colcon.colcon_core.package_identification:_identify(.) by extension 'colcon_pkg'
[0.430s] Level 1:colcon.colcon_core.package_identification:_identify(.) by extensions ['colcon_meta']
[0.430s] Level 1:colcon.colcon_core.package_identification:_identify(.) by extension 'colcon_meta'
[0.430s] Level 1:colcon.colcon_core.package_identification:_identify(.) by extensions ['ros']
[0.430s] Level 1:colcon.colcon_core.package_identification:_identify(.) by extension 'ros'
[0.439s] Level 1:colcon.colcon_core.package_identification:_identify(.) by extensions ['cmake', 'python']
[0.439s] Level 1:colcon.colcon_core.package_identification:_identify(.) by extension 'cmake'
[0.439s] Level 1:colcon.colcon_core.package_identification:_identify(.) by extension 'python'
[0.439s] Level 1:colcon.colcon_core.package_identification:_identify(.) by extensions ['python_setup_py']
[0.439s] Level 1:colcon.colcon_core.package_identification:_identify(.) by extension 'python_setup_py'
[0.439s] Level 1:colcon.colcon_core.package_identification:_identify(build) by extensions ['ignore', 'ignore_ament_install']
[0.440s] Level 1:colcon.colcon_core.package_identification:_identify(build) by extension 'ignore'
[0.440s] Level 1:colcon.colcon_core.package_identification:_identify(build) ignored
[0.440s] Level 1:colcon.colcon_core.package_identification:_identify(install) by extensions ['ignore', 'ignore_ament_install']
[0.440s] Level 1:colcon.colcon_core.package_identification:_identify(install) by extension 'ignore'
[0.440s] Level 1:colcon.colcon_core.package_identification:_identify(install) ignored
[0.440s] Level 1:colcon.colcon_core.package_identification:_identify(log) by extensions ['ignore', 'ignore_ament_install']
[0.440s] Level 1:colcon.colcon_core.package_identification:_identify(log) by extension 'ignore'
[0.440s] Level 1:colcon.colcon_core.package_identification:_identify(log) ignored
[0.441s] Level 1:colcon.colcon_core.package_identification:_identify(merged_bag) by extensions ['ignore', 'ignore_ament_install']
[0.441s] Level 1:colcon.colcon_core.package_identification:_identify(merged_bag) by extension 'ignore'
[0.441s] Level 1:colcon.colcon_core.package_identification:_identify(merged_bag) by extension 'ignore_ament_install'
[0.441s] Level 1:colcon.colcon_core.package_identification:_identify(merged_bag) by extensions ['colcon_pkg']
[0.441s] Level 1:colcon.colcon_core.package_identification:_identify(merged_bag) by extension 'colcon_pkg'
[0.441s] Level 1:colcon.colcon_core.package_identification:_identify(merged_bag) by extensions ['colcon_meta']
[0.441s] Level 1:colcon.colcon_core.package_identification:_identify(merged_bag) by extension 'colcon_meta'
[0.441s] Level 1:colcon.colcon_core.package_identification:_identify(merged_bag) by extensions ['ros']
[0.441s] Level 1:colcon.colcon_core.package_identification:_identify(merged_bag) by extension 'ros'
[0.441s] Level 1:colcon.colcon_core.package_identification:_identify(merged_bag) by extensions ['cmake', 'python']
[0.441s] Level 1:colcon.colcon_core.package_identification:_identify(merged_bag) by extension 'cmake'
[0.441s] Level 1:colcon.colcon_core.package_identification:_identify(merged_bag) by extension 'python'
[0.441s] Level 1:colcon.colcon_core.package_identification:_identify(merged_bag) by extensions ['python_setup_py']
[0.441s] Level 1:colcon.colcon_core.package_identification:_identify(merged_bag) by extension 'python_setup_py'
[0.441s] Level 1:colcon.colcon_core.package_identification:_identify(myRecord) by extensions ['ignore', 'ignore_ament_install']
[0.441s] Level 1:colcon.colcon_core.package_identification:_identify(myRecord) by extension 'ignore'
[0.441s] Level 1:colcon.colcon_core.package_identification:_identify(myRecord) by extension 'ignore_ament_install'
[0.442s] Level 1:colcon.colcon_core.package_identification:_identify(myRecord) by extensions ['colcon_pkg']
[0.442s] Level 1:colcon.colcon_core.package_identification:_identify(myRecord) by extension 'colcon_pkg'
[0.442s] Level 1:colcon.colcon_core.package_identification:_identify(myRecord) by extensions ['colcon_meta']
[0.442s] Level 1:colcon.colcon_core.package_identification:_identify(myRecord) by extension 'colcon_meta'
[0.442s] Level 1:colcon.colcon_core.package_identification:_identify(myRecord) by extensions ['ros']
[0.442s] Level 1:colcon.colcon_core.package_identification:_identify(myRecord) by extension 'ros'
[0.442s] Level 1:colcon.colcon_core.package_identification:_identify(myRecord) by extensions ['cmake', 'python']
[0.442s] Level 1:colcon.colcon_core.package_identification:_identify(myRecord) by extension 'cmake'
[0.442s] Level 1:colcon.colcon_core.package_identification:_identify(myRecord) by extension 'python'
[0.442s] Level 1:colcon.colcon_core.package_identification:_identify(myRecord) by extensions ['python_setup_py']
[0.442s] Level 1:colcon.colcon_core.package_identification:_identify(myRecord) by extension 'python_setup_py'
[0.442s] Level 1:colcon.colcon_core.package_identification:_identify(myRecord/move1) by extensions ['ignore', 'ignore_ament_install']
[0.442s] Level 1:colcon.colcon_core.package_identification:_identify(myRecord/move1) by extension 'ignore'
[0.442s] Level 1:colcon.colcon_core.package_identification:_identify(myRecord/move1) by extension 'ignore_ament_install'
[0.442s] Level 1:colcon.colcon_core.package_identification:_identify(myRecord/move1) by extensions ['colcon_pkg']
[0.442s] Level 1:colcon.colcon_core.package_identification:_identify(myRecord/move1) by extension 'colcon_pkg'
[0.442s] Level 1:colcon.colcon_core.package_identification:_identify(myRecord/move1) by extensions ['colcon_meta']
[0.442s] Level 1:colcon.colcon_core.package_identification:_identify(myRecord/move1) by extension 'colcon_meta'
[0.442s] Level 1:colcon.colcon_core.package_identification:_identify(myRecord/move1) by extensions ['ros']
[0.442s] Level 1:colcon.colcon_core.package_identification:_identify(myRecord/move1) by extension 'ros'
[0.442s] Level 1:colcon.colcon_core.package_identification:_identify(myRecord/move1) by extensions ['cmake', 'python']
[0.442s] Level 1:colcon.colcon_core.package_identification:_identify(myRecord/move1) by extension 'cmake'
[0.442s] Level 1:colcon.colcon_core.package_identification:_identify(myRecord/move1) by extension 'python'
[0.442s] Level 1:colcon.colcon_core.package_identification:_identify(myRecord/move1) by extensions ['python_setup_py']
[0.442s] Level 1:colcon.colcon_core.package_identification:_identify(myRecord/move1) by extension 'python_setup_py'
[0.443s] Level 1:colcon.colcon_core.package_identification:_identify(myRecord/move2) by extensions ['ignore', 'ignore_ament_install']
[0.443s] Level 1:colcon.colcon_core.package_identification:_identify(myRecord/move2) by extension 'ignore'
[0.443s] Level 1:colcon.colcon_core.package_identification:_identify(myRecord/move2) by extension 'ignore_ament_install'
[0.443s] Level 1:colcon.colcon_core.package_identification:_identify(myRecord/move2) by extensions ['colcon_pkg']
[0.443s] Level 1:colcon.colcon_core.package_identification:_identify(myRecord/move2) by extension 'colcon_pkg'
[0.443s] Level 1:colcon.colcon_core.package_identification:_identify(myRecord/move2) by extensions ['colcon_meta']
[0.443s] Level 1:colcon.colcon_core.package_identification:_identify(myRecord/move2) by extension 'colcon_meta'
[0.443s] Level 1:colcon.colcon_core.package_identification:_identify(myRecord/move2) by extensions ['ros']
[0.443s] Level 1:colcon.colcon_core.package_identification:_identify(myRecord/move2) by extension 'ros'
[0.443s] Level 1:colcon.colcon_core.package_identification:_identify(myRecord/move2) by extensions ['cmake', 'python']
[0.443s] Level 1:colcon.colcon_core.package_identification:_identify(myRecord/move2) by extension 'cmake'
[0.443s] Level 1:colcon.colcon_core.package_identification:_identify(myRecord/move2) by extension 'python'
[0.443s] Level 1:colcon.colcon_core.package_identification:_identify(myRecord/move2) by extensions ['python_setup_py']
[0.443s] Level 1:colcon.colcon_core.package_identification:_identify(myRecord/move2) by extension 'python_setup_py'
[0.443s] Level 1:colcon.colcon_core.package_identification:_identify(myRecord/move3) by extensions ['ignore', 'ignore_ament_install']
[0.444s] Level 1:colcon.colcon_core.package_identification:_identify(myRecord/move3) by extension 'ignore'
[0.444s] Level 1:colcon.colcon_core.package_identification:_identify(myRecord/move3) by extension 'ignore_ament_install'
[0.444s] Level 1:colcon.colcon_core.package_identification:_identify(myRecord/move3) by extensions ['colcon_pkg']
[0.444s] Level 1:colcon.colcon_core.package_identification:_identify(myRecord/move3) by extension 'colcon_pkg'
[0.444s] Level 1:colcon.colcon_core.package_identification:_identify(myRecord/move3) by extensions ['colcon_meta']
[0.444s] Level 1:colcon.colcon_core.package_identification:_identify(myRecord/move3) by extension 'colcon_meta'
[0.444s] Level 1:colcon.colcon_core.package_identification:_identify(myRecord/move3) by extensions ['ros']
[0.444s] Level 1:colcon.colcon_core.package_identification:_identify(myRecord/move3) by extension 'ros'
[0.444s] Level 1:colcon.colcon_core.package_identification:_identify(myRecord/move3) by extensions ['cmake', 'python']
[0.444s] Level 1:colcon.colcon_core.package_identification:_identify(myRecord/move3) by extension 'cmake'
[0.444s] Level 1:colcon.colcon_core.package_identification:_identify(myRecord/move3) by extension 'python'
[0.444s] Level 1:colcon.colcon_core.package_identification:_identify(myRecord/move3) by extensions ['python_setup_py']
[0.444s] Level 1:colcon.colcon_core.package_identification:_identify(myRecord/move3) by extension 'python_setup_py'
[0.444s] Level 1:colcon.colcon_core.package_identification:_identify(myRecord/move4) by extensions ['ignore', 'ignore_ament_install']
[0.444s] Level 1:colcon.colcon_core.package_identification:_identify(myRecord/move4) by extension 'ignore'
[0.444s] Level 1:colcon.colcon_core.package_identification:_identify(myRecord/move4) by extension 'ignore_ament_install'
[0.444s] Level 1:colcon.colcon_core.package_identification:_identify(myRecord/move4) by extensions ['colcon_pkg']
[0.444s] Level 1:colcon.colcon_core.package_identification:_identify(myRecord/move4) by extension 'colcon_pkg'
[0.444s] Level 1:colcon.colcon_core.package_identification:_identify(myRecord/move4) by extensions ['colcon_meta']
[0.444s] Level 1:colcon.colcon_core.package_identification:_identify(myRecord/move4) by extension 'colcon_meta'
[0.444s] Level 1:colcon.colcon_core.package_identification:_identify(myRecord/move4) by extensions ['ros']
[0.444s] Level 1:colcon.colcon_core.package_identification:_identify(myRecord/move4) by extension 'ros'
[0.444s] Level 1:colcon.colcon_core.package_identification:_identify(myRecord/move4) by extensions ['cmake', 'python']
[0.444s] Level 1:colcon.colcon_core.package_identification:_identify(myRecord/move4) by extension 'cmake'
[0.445s] Level 1:colcon.colcon_core.package_identification:_identify(myRecord/move4) by extension 'python'
[0.445s] Level 1:colcon.colcon_core.package_identification:_identify(myRecord/move4) by extensions ['python_setup_py']
[0.445s] Level 1:colcon.colcon_core.package_identification:_identify(myRecord/move4) by extension 'python_setup_py'
[0.445s] Level 1:colcon.colcon_core.package_identification:_identify(src) by extensions ['ignore', 'ignore_ament_install']
[0.445s] Level 1:colcon.colcon_core.package_identification:_identify(src) by extension 'ignore'
[0.445s] Level 1:colcon.colcon_core.package_identification:_identify(src) by extension 'ignore_ament_install'
[0.445s] Level 1:colcon.colcon_core.package_identification:_identify(src) by extensions ['colcon_pkg']
[0.445s] Level 1:colcon.colcon_core.package_identification:_identify(src) by extension 'colcon_pkg'
[0.445s] Level 1:colcon.colcon_core.package_identification:_identify(src) by extensions ['colcon_meta']
[0.445s] Level 1:colcon.colcon_core.package_identification:_identify(src) by extension 'colcon_meta'
[0.445s] Level 1:colcon.colcon_core.package_identification:_identify(src) by extensions ['ros']
[0.445s] Level 1:colcon.colcon_core.package_identification:_identify(src) by extension 'ros'
[0.445s] Level 1:colcon.colcon_core.package_identification:_identify(src) by extensions ['cmake', 'python']
[0.445s] Level 1:colcon.colcon_core.package_identification:_identify(src) by extension 'cmake'
[0.445s] Level 1:colcon.colcon_core.package_identification:_identify(src) by extension 'python'
[0.445s] Level 1:colcon.colcon_core.package_identification:_identify(src) by extensions ['python_setup_py']
[0.445s] Level 1:colcon.colcon_core.package_identification:_identify(src) by extension 'python_setup_py'
[0.445s] Level 1:colcon.colcon_core.package_identification:_identify(src/cobra_moveit_config) by extensions ['ignore', 'ignore_ament_install']
[0.445s] Level 1:colcon.colcon_core.package_identification:_identify(src/cobra_moveit_config) by extension 'ignore'
[0.445s] Level 1:colcon.colcon_core.package_identification:_identify(src/cobra_moveit_config) by extension 'ignore_ament_install'
[0.445s] Level 1:colcon.colcon_core.package_identification:_identify(src/cobra_moveit_config) by extensions ['colcon_pkg']
[0.445s] Level 1:colcon.colcon_core.package_identification:_identify(src/cobra_moveit_config) by extension 'colcon_pkg'
[0.445s] Level 1:colcon.colcon_core.package_identification:_identify(src/cobra_moveit_config) by extensions ['colcon_meta']
[0.445s] Level 1:colcon.colcon_core.package_identification:_identify(src/cobra_moveit_config) by extension 'colcon_meta'
[0.445s] Level 1:colcon.colcon_core.package_identification:_identify(src/cobra_moveit_config) by extensions ['ros']
[0.445s] Level 1:colcon.colcon_core.package_identification:_identify(src/cobra_moveit_config) by extension 'ros'
[0.448s] DEBUG:colcon.colcon_core.package_identification:Package 'src/cobra_moveit_config' with type 'ros.ament_cmake' and name 'cobra_moveit_config'
[0.448s] Level 1:colcon.colcon_core.package_identification:_identify(src/cobrotic) by extensions ['ignore', 'ignore_ament_install']
[0.448s] Level 1:colcon.colcon_core.package_identification:_identify(src/cobrotic) by extension 'ignore'
[0.448s] Level 1:colcon.colcon_core.package_identification:_identify(src/cobrotic) by extension 'ignore_ament_install'
[0.448s] Level 1:colcon.colcon_core.package_identification:_identify(src/cobrotic) by extensions ['colcon_pkg']
[0.448s] Level 1:colcon.colcon_core.package_identification:_identify(src/cobrotic) by extension 'colcon_pkg'
[0.448s] Level 1:colcon.colcon_core.package_identification:_identify(src/cobrotic) by extensions ['colcon_meta']
[0.448s] Level 1:colcon.colcon_core.package_identification:_identify(src/cobrotic) by extension 'colcon_meta'
[0.448s] Level 1:colcon.colcon_core.package_identification:_identify(src/cobrotic) by extensions ['ros']
[0.448s] Level 1:colcon.colcon_core.package_identification:_identify(src/cobrotic) by extension 'ros'
[0.449s] DEBUG:colcon.colcon_core.package_identification:Package 'src/cobrotic' with type 'ros.ament_python' and name 'cobrotic'
[0.449s] Level 1:colcon.colcon_core.package_discovery:discover_packages(recursive) using defaults
[0.449s] Level 1:colcon.colcon_core.package_discovery:discover_packages(ignore) discover
[0.449s] Level 1:colcon.colcon_core.package_discovery:discover_packages(ignore) using defaults
[0.449s] Level 1:colcon.colcon_core.package_discovery:discover_packages(path) discover
[0.449s] Level 1:colcon.colcon_core.package_discovery:discover_packages(path) using defaults
[0.475s] Level 1:colcon.colcon_core.package_discovery:discover_packages(prefix_path) check parameters
[0.475s] Level 1:colcon.colcon_core.package_discovery:discover_packages(prefix_path) discover
[0.480s] DEBUG:colcon.colcon_installed_package_information.package_discovery:Found 359 installed packages in /opt/ros/humble
[0.481s] Level 1:colcon.colcon_core.package_discovery:discover_packages(prefix_path) using defaults
[0.545s] Level 5:colcon.colcon_core.verb:set package 'cobrotic' build argument 'cmake_args' from command line to 'None'
[0.545s] Level 5:colcon.colcon_core.verb:set package 'cobrotic' build argument 'cmake_target' from command line to 'None'
[0.545s] Level 5:colcon.colcon_core.verb:set package 'cobrotic' build argument 'cmake_target_skip_unavailable' from command line to 'False'
[0.545s] Level 5:colcon.colcon_core.verb:set package 'cobrotic' build argument 'cmake_clean_cache' from command line to 'False'
[0.545s] Level 5:colcon.colcon_core.verb:set package 'cobrotic' build argument 'cmake_clean_first' from command line to 'False'
[0.545s] Level 5:colcon.colcon_core.verb:set package 'cobrotic' build argument 'cmake_force_configure' from command line to 'False'
[0.545s] Level 5:colcon.colcon_core.verb:set package 'cobrotic' build argument 'ament_cmake_args' from command line to 'None'
[0.545s] Level 5:colcon.colcon_core.verb:set package 'cobrotic' build argument 'catkin_cmake_args' from command line to 'None'
[0.545s] Level 5:colcon.colcon_core.verb:set package 'cobrotic' build argument 'catkin_skip_building_tests' from command line to 'False'
[0.545s] DEBUG:colcon.colcon_core.verb:Building package 'cobrotic' with the following arguments: {'ament_cmake_args': None, 'build_base': '/home/aj/ros2_ws/build/cobrotic', 'catkin_cmake_args': None, 'catkin_skip_building_tests': False, 'cmake_args': None, 'cmake_clean_cache': False, 'cmake_clean_first': False, 'cmake_force_configure': False, 'cmake_target': None, 'cmake_target_skip_unavailable': False, 'install_base': '/home/aj/ros2_ws/install/cobrotic', 'merge_install': False, 'path': '/home/aj/ros2_ws/src/cobrotic', 'symlink_install': False, 'test_result_base': None}
[0.546s] Level 5:colcon.colcon_core.verb:set package 'cobra_moveit_config' build argument 'cmake_args' from command line to 'None'
[0.546s] Level 5:colcon.colcon_core.verb:set package 'cobra_moveit_config' build argument 'cmake_target' from command line to 'None'
[0.546s] Level 5:colcon.colcon_core.verb:set package 'cobra_moveit_config' build argument 'cmake_target_skip_unavailable' from command line to 'False'
[0.546s] Level 5:colcon.colcon_core.verb:set package 'cobra_moveit_config' build argument 'cmake_clean_cache' from command line to 'False'
[0.546s] Level 5:colcon.colcon_core.verb:set package 'cobra_moveit_config' build argument 'cmake_clean_first' from command line to 'False'
[0.546s] Level 5:colcon.colcon_core.verb:set package 'cobra_moveit_config' build argument 'cmake_force_configure' from command line to 'False'
[0.546s] Level 5:colcon.colcon_core.verb:set package 'cobra_moveit_config' build argument 'ament_cmake_args' from command line to 'None'
[0.546s] Level 5:colcon.colcon_core.verb:set package 'cobra_moveit_config' build argument 'catkin_cmake_args' from command line to 'None'
[0.546s] Level 5:colcon.colcon_core.verb:set package 'cobra_moveit_config' build argument 'catkin_skip_building_tests' from command line to 'False'
[0.546s] DEBUG:colcon.colcon_core.verb:Building package 'cobra_moveit_config' with the following arguments: {'ament_cmake_args': None, 'build_base': '/home/aj/ros2_ws/build/cobra_moveit_config', 'catkin_cmake_args': None, 'catkin_skip_building_tests': False, 'cmake_args': None, 'cmake_clean_cache': False, 'cmake_clean_first': False, 'cmake_force_configure': False, 'cmake_target': None, 'cmake_target_skip_unavailable': False, 'install_base': '/home/aj/ros2_ws/install/cobra_moveit_config', 'merge_install': False, 'path': '/home/aj/ros2_ws/src/cobra_moveit_config', 'symlink_install': False, 'test_result_base': None}
[0.546s] INFO:colcon.colcon_core.executor:Executing jobs using 'parallel' executor
[0.547s] DEBUG:colcon.colcon_parallel_executor.executor.parallel:run_until_complete
[0.547s] INFO:colcon.colcon_ros.task.ament_python.build:Building ROS package in '/home/aj/ros2_ws/src/cobrotic' with build type 'ament_python'
[0.547s] Level 1:colcon.colcon_core.shell:create_environment_hook('cobrotic', 'ament_prefix_path')
[0.550s] INFO:colcon.colcon_core.plugin_system:Skipping extension 'colcon_core.shell.bat': Not used on non-Windows systems
[0.550s] INFO:colcon.colcon_core.shell:Creating environment hook '/home/aj/ros2_ws/install/cobrotic/share/cobrotic/hook/ament_prefix_path.ps1'
[0.552s] INFO:colcon.colcon_core.shell:Creating environment descriptor '/home/aj/ros2_ws/install/cobrotic/share/cobrotic/hook/ament_prefix_path.dsv'
[0.552s] INFO:colcon.colcon_core.shell:Creating environment hook '/home/aj/ros2_ws/install/cobrotic/share/cobrotic/hook/ament_prefix_path.sh'
[0.553s] INFO:colcon.colcon_core.shell:Skip shell extension 'powershell' for command environment: Not usable outside of PowerShell
[0.553s] DEBUG:colcon.colcon_core.shell:Skip shell extension 'dsv' for command environment
[0.717s] INFO:colcon.colcon_core.task.python.build:Building Python package in '/home/aj/ros2_ws/src/cobrotic'
[0.717s] INFO:colcon.colcon_core.shell:Skip shell extension 'powershell' for command environment: Not usable outside of PowerShell
[0.717s] DEBUG:colcon.colcon_core.shell:Skip shell extension 'dsv' for command environment
[1.042s] DEBUG:colcon.colcon_core.event_handler.log_command:Invoking command in '/home/aj/ros2_ws/src/cobrotic': PYTHONPATH=/home/aj/ros2_ws/build/cobrotic/prefix_override:/usr/lib/python3/dist-packages/colcon_core/task/python/colcon_distutils_commands:/home/aj/ros2_ws/install/cobrotic/lib/python3.10/site-packages:${PYTHONPATH} /usr/bin/python3 -W ignore:setup.py install is deprecated -W ignore:easy_install command is deprecated setup.py egg_info --egg-base ../../build/cobrotic build --build-base /home/aj/ros2_ws/build/cobrotic/build install --record /home/aj/ros2_ws/build/cobrotic/install.log --single-version-externally-managed install_data
[1.214s] DEBUG:colcon.colcon_core.event_handler.log_command:Invoked command in '/home/aj/ros2_ws/src/cobrotic' returned '0': PYTHONPATH=/home/aj/ros2_ws/build/cobrotic/prefix_override:/usr/lib/python3/dist-packages/colcon_core/task/python/colcon_distutils_commands:/home/aj/ros2_ws/install/cobrotic/lib/python3.10/site-packages:${PYTHONPATH} /usr/bin/python3 -W ignore:setup.py install is deprecated -W ignore:easy_install command is deprecated setup.py egg_info --egg-base ../../build/cobrotic build --build-base /home/aj/ros2_ws/build/cobrotic/build install --record /home/aj/ros2_ws/build/cobrotic/install.log --single-version-externally-managed install_data
[1.217s] Level 1:colcon.colcon_core.environment:checking '/home/aj/ros2_ws/install/cobrotic' for CMake module files
[1.218s] Level 1:colcon.colcon_core.environment:checking '/home/aj/ros2_ws/install/cobrotic' for CMake config files
[1.220s] Level 1:colcon.colcon_core.environment:checking '/home/aj/ros2_ws/install/cobrotic/lib'
[1.220s] Level 1:colcon.colcon_core.environment:checking '/home/aj/ros2_ws/install/cobrotic/bin'
[1.220s] Level 1:colcon.colcon_core.environment:checking '/home/aj/ros2_ws/install/cobrotic/lib/pkgconfig/cobrotic.pc'
[1.220s] Level 1:colcon.colcon_core.environment:checking '/home/aj/ros2_ws/install/cobrotic/lib/python3.10/site-packages'
[1.220s] Level 1:colcon.colcon_core.shell:create_environment_hook('cobrotic', 'pythonpath')
[1.221s] INFO:colcon.colcon_core.shell:Creating environment hook '/home/aj/ros2_ws/install/cobrotic/share/cobrotic/hook/pythonpath.ps1'
[1.221s] INFO:colcon.colcon_core.shell:Creating environment descriptor '/home/aj/ros2_ws/install/cobrotic/share/cobrotic/hook/pythonpath.dsv'
[1.221s] INFO:colcon.colcon_core.shell:Creating environment hook '/home/aj/ros2_ws/install/cobrotic/share/cobrotic/hook/pythonpath.sh'
[1.221s] Level 1:colcon.colcon_core.environment:checking '/home/aj/ros2_ws/install/cobrotic/bin'
[1.221s] Level 1:colcon.colcon_core.environment:create_environment_scripts_only(cobrotic)
[1.222s] INFO:colcon.colcon_core.shell:Creating package script '/home/aj/ros2_ws/install/cobrotic/share/cobrotic/package.ps1'
[1.222s] INFO:colcon.colcon_core.shell:Creating package descriptor '/home/aj/ros2_ws/install/cobrotic/share/cobrotic/package.dsv'
[1.223s] INFO:colcon.colcon_core.shell:Creating package script '/home/aj/ros2_ws/install/cobrotic/share/cobrotic/package.sh'
[1.224s] INFO:colcon.colcon_core.shell:Creating package script '/home/aj/ros2_ws/install/cobrotic/share/cobrotic/package.bash'
[1.224s] INFO:colcon.colcon_core.shell:Creating package script '/home/aj/ros2_ws/install/cobrotic/share/cobrotic/package.zsh'
[1.225s] Level 1:colcon.colcon_core.environment:create_file_with_runtime_dependencies(/home/aj/ros2_ws/install/cobrotic/share/colcon-core/packages/cobrotic)
[1.225s] INFO:colcon.colcon_ros.task.ament_cmake.build:Building ROS package in '/home/aj/ros2_ws/src/cobra_moveit_config' with build type 'ament_cmake'
[1.226s] INFO:colcon.colcon_cmake.task.cmake.build:Building CMake package in '/home/aj/ros2_ws/src/cobra_moveit_config'
[1.226s] INFO:colcon.colcon_core.shell:Skip shell extension 'powershell' for command environment: Not usable outside of PowerShell
[1.226s] DEBUG:colcon.colcon_core.shell:Skip shell extension 'dsv' for command environment
[1.272s] DEBUG:colcon.colcon_core.event_handler.log_command:Invoking command in '/home/aj/ros2_ws/build/cobra_moveit_config': AMENT_PREFIX_PATH=/home/aj/ros2_ws/install/cobrotic:${AMENT_PREFIX_PATH} CMAKE_PREFIX_PATH=/opt/ros/humble PYTHONPATH=/home/aj/ros2_ws/install/cobrotic/lib/python3.10/site-packages:${PYTHONPATH} /usr/bin/cmake --build /home/aj/ros2_ws/build/cobra_moveit_config -- -j16 -l16
[1.323s] DEBUG:colcon.colcon_core.event_handler.log_command:Invoked command in '/home/aj/ros2_ws/build/cobra_moveit_config' returned '0': AMENT_PREFIX_PATH=/home/aj/ros2_ws/install/cobrotic:${AMENT_PREFIX_PATH} CMAKE_PREFIX_PATH=/opt/ros/humble PYTHONPATH=/home/aj/ros2_ws/install/cobrotic/lib/python3.10/site-packages:${PYTHONPATH} /usr/bin/cmake --build /home/aj/ros2_ws/build/cobra_moveit_config -- -j16 -l16
[1.330s] DEBUG:colcon.colcon_core.event_handler.log_command:Invoking command in '/home/aj/ros2_ws/build/cobra_moveit_config': AMENT_PREFIX_PATH=/home/aj/ros2_ws/install/cobrotic:${AMENT_PREFIX_PATH} CMAKE_PREFIX_PATH=/opt/ros/humble PYTHONPATH=/home/aj/ros2_ws/install/cobrotic/lib/python3.10/site-packages:${PYTHONPATH} /usr/bin/cmake --install /home/aj/ros2_ws/build/cobra_moveit_config
[1.338s] Level 1:colcon.colcon_core.environment:create_environment_scripts_only(cobra_moveit_config)
[1.339s] Level 1:colcon.colcon_core.environment:checking '/home/aj/ros2_ws/install/cobra_moveit_config' for CMake module files
[1.339s] DEBUG:colcon.colcon_core.event_handler.log_command:Invoked command in '/home/aj/ros2_ws/build/cobra_moveit_config' returned '0': AMENT_PREFIX_PATH=/home/aj/ros2_ws/install/cobrotic:${AMENT_PREFIX_PATH} CMAKE_PREFIX_PATH=/opt/ros/humble PYTHONPATH=/home/aj/ros2_ws/install/cobrotic/lib/python3.10/site-packages:${PYTHONPATH} /usr/bin/cmake --install /home/aj/ros2_ws/build/cobra_moveit_config
[1.340s] Level 1:colcon.colcon_core.environment:checking '/home/aj/ros2_ws/install/cobra_moveit_config' for CMake config files
[1.341s] Level 1:colcon.colcon_core.shell:create_environment_hook('cobra_moveit_config', 'cmake_prefix_path')
[1.341s] INFO:colcon.colcon_core.shell:Creating environment hook '/home/aj/ros2_ws/install/cobra_moveit_config/share/cobra_moveit_config/hook/cmake_prefix_path.ps1'
[1.342s] INFO:colcon.colcon_core.shell:Creating environment descriptor '/home/aj/ros2_ws/install/cobra_moveit_config/share/cobra_moveit_config/hook/cmake_prefix_path.dsv'
[1.342s] INFO:colcon.colcon_core.shell:Creating environment hook '/home/aj/ros2_ws/install/cobra_moveit_config/share/cobra_moveit_config/hook/cmake_prefix_path.sh'
[1.342s] Level 1:colcon.colcon_core.environment:checking '/home/aj/ros2_ws/install/cobra_moveit_config/bin'
[1.342s] Level 1:colcon.colcon_core.environment:checking '/home/aj/ros2_ws/install/cobra_moveit_config/lib/pkgconfig/cobra_moveit_config.pc'
[1.342s] Level 1:colcon.colcon_core.environment:checking '/home/aj/ros2_ws/install/cobra_moveit_config/lib/python3.10/site-packages'
[1.343s] Level 1:colcon.colcon_core.environment:checking '/home/aj/ros2_ws/install/cobra_moveit_config/bin'
[1.343s] INFO:colcon.colcon_core.shell:Creating package script '/home/aj/ros2_ws/install/cobra_moveit_config/share/cobra_moveit_config/package.ps1'
[1.343s] INFO:colcon.colcon_core.shell:Creating package descriptor '/home/aj/ros2_ws/install/cobra_moveit_config/share/cobra_moveit_config/package.dsv'
[1.343s] INFO:colcon.colcon_core.shell:Creating package script '/home/aj/ros2_ws/install/cobra_moveit_config/share/cobra_moveit_config/package.sh'
[1.344s] INFO:colcon.colcon_core.shell:Creating package script '/home/aj/ros2_ws/install/cobra_moveit_config/share/cobra_moveit_config/package.bash'
[1.344s] INFO:colcon.colcon_core.shell:Creating package script '/home/aj/ros2_ws/install/cobra_moveit_config/share/cobra_moveit_config/package.zsh'
[1.344s] Level 1:colcon.colcon_core.environment:create_file_with_runtime_dependencies(/home/aj/ros2_ws/install/cobra_moveit_config/share/colcon-core/packages/cobra_moveit_config)
[1.344s] Level 1:colcon.colcon_core.environment:create_environment_scripts_only(cobra_moveit_config)
[1.344s] Level 1:colcon.colcon_core.environment:checking '/home/aj/ros2_ws/install/cobra_moveit_config' for CMake module files
[1.345s] Level 1:colcon.colcon_core.environment:checking '/home/aj/ros2_ws/install/cobra_moveit_config' for CMake config files
[1.345s] Level 1:colcon.colcon_core.shell:create_environment_hook('cobra_moveit_config', 'cmake_prefix_path')
[1.345s] INFO:colcon.colcon_core.shell:Creating environment hook '/home/aj/ros2_ws/install/cobra_moveit_config/share/cobra_moveit_config/hook/cmake_prefix_path.ps1'
[1.345s] INFO:colcon.colcon_core.shell:Creating environment descriptor '/home/aj/ros2_ws/install/cobra_moveit_config/share/cobra_moveit_config/hook/cmake_prefix_path.dsv'
[1.345s] INFO:colcon.colcon_core.shell:Creating environment hook '/home/aj/ros2_ws/install/cobra_moveit_config/share/cobra_moveit_config/hook/cmake_prefix_path.sh'
[1.346s] Level 1:colcon.colcon_core.environment:checking '/home/aj/ros2_ws/install/cobra_moveit_config/bin'
[1.346s] Level 1:colcon.colcon_core.environment:checking '/home/aj/ros2_ws/install/cobra_moveit_config/lib/pkgconfig/cobra_moveit_config.pc'
[1.346s] Level 1:colcon.colcon_core.environment:checking '/home/aj/ros2_ws/install/cobra_moveit_config/lib/python3.10/site-packages'
[1.346s] Level 1:colcon.colcon_core.environment:checking '/home/aj/ros2_ws/install/cobra_moveit_config/bin'
[1.346s] INFO:colcon.colcon_core.shell:Creating package script '/home/aj/ros2_ws/install/cobra_moveit_config/share/cobra_moveit_config/package.ps1'
[1.346s] INFO:colcon.colcon_core.shell:Creating package descriptor '/home/aj/ros2_ws/install/cobra_moveit_config/share/cobra_moveit_config/package.dsv'
[1.347s] INFO:colcon.colcon_core.shell:Creating package script '/home/aj/ros2_ws/install/cobra_moveit_config/share/cobra_moveit_config/package.sh'
[1.347s] INFO:colcon.colcon_core.shell:Creating package script '/home/aj/ros2_ws/install/cobra_moveit_config/share/cobra_moveit_config/package.bash'
[1.347s] INFO:colcon.colcon_core.shell:Creating package script '/home/aj/ros2_ws/install/cobra_moveit_config/share/cobra_moveit_config/package.zsh'
[1.347s] Level 1:colcon.colcon_core.environment:create_file_with_runtime_dependencies(/home/aj/ros2_ws/install/cobra_moveit_config/share/colcon-core/packages/cobra_moveit_config)
[1.348s] DEBUG:colcon.colcon_parallel_executor.executor.parallel:closing loop
[1.348s] DEBUG:colcon.colcon_parallel_executor.executor.parallel:loop closed
[1.348s] DEBUG:colcon.colcon_parallel_executor.executor.parallel:run_until_complete finished with '0'
[1.348s] DEBUG:colcon.colcon_core.event_reactor:joining thread
[1.372s] INFO:colcon.colcon_core.plugin_system:Skipping extension 'colcon_notification.desktop_notification.notify_send': Could not find 'notify-send'
[1.372s] INFO:colcon.colcon_core.plugin_system:Skipping extension 'colcon_notification.desktop_notification.terminal_notifier': Not used on non-Darwin systems
[1.372s] INFO:colcon.colcon_core.plugin_system:Skipping extension 'colcon_notification.desktop_notification.win32': Not used on non-Windows systems
[1.372s] INFO:colcon.colcon_notification.desktop_notification:Sending desktop notification using 'notify2'
[1.372s] DEBUG:colcon.colcon_notification.desktop_notification.notify2:Failed to initialize notify2: org.freedesktop.DBus.Error.FileNotFound: Failed to connect to socket /run/user/1000/bus: No such file or directory
[1.373s] DEBUG:colcon.colcon_core.event_reactor:joined thread
[1.373s] INFO:colcon.colcon_core.shell:Creating prefix script '/home/aj/ros2_ws/install/local_setup.ps1'
[1.374s] INFO:colcon.colcon_core.shell:Creating prefix util module '/home/aj/ros2_ws/install/_local_setup_util_ps1.py'
[1.375s] INFO:colcon.colcon_core.shell:Creating prefix chain script '/home/aj/ros2_ws/install/setup.ps1'
[1.375s] INFO:colcon.colcon_core.shell:Creating prefix script '/home/aj/ros2_ws/install/local_setup.sh'
[1.376s] INFO:colcon.colcon_core.shell:Creating prefix util module '/home/aj/ros2_ws/install/_local_setup_util_sh.py'
[1.376s] INFO:colcon.colcon_core.shell:Creating prefix chain script '/home/aj/ros2_ws/install/setup.sh'
[1.377s] INFO:colcon.colcon_core.shell:Creating prefix script '/home/aj/ros2_ws/install/local_setup.bash'
[1.378s] INFO:colcon.colcon_core.shell:Creating prefix chain script '/home/aj/ros2_ws/install/setup.bash'
[1.378s] INFO:colcon.colcon_core.shell:Creating prefix script '/home/aj/ros2_ws/install/local_setup.zsh'
[1.379s] INFO:colcon.colcon_core.shell:Creating prefix chain script '/home/aj/ros2_ws/install/setup.zsh'
