[0.423s] Invoking command in '/home/aj/ros2_ws/src/cobrotic': PYTHONPATH=/home/aj/ros2_ws/build/cobrotic/prefix_override:/usr/lib/python3/dist-packages/colcon_core/task/python/colcon_distutils_commands:/home/aj/ros2_ws/install/cobrotic/lib/python3.10/site-packages:${PYTHONPATH} /usr/bin/python3 -W ignore:setup.py install is deprecated -W ignore:easy_install command is deprecated setup.py egg_info --egg-base ../../build/cobrotic build --build-base /home/aj/ros2_ws/build/cobrotic/build install --record /home/aj/ros2_ws/build/cobrotic/install.log --single-version-externally-managed install_data
[0.565s] running egg_info
[0.566s] writing ../../build/cobrotic/cobrotic.egg-info/PKG-INFO
[0.566s] writing dependency_links to ../../build/cobrotic/cobrotic.egg-info/dependency_links.txt
[0.566s] writing entry points to ../../build/cobrotic/cobrotic.egg-info/entry_points.txt
[0.566s] writing requirements to ../../build/cobrotic/cobrotic.egg-info/requires.txt
[0.566s] writing top-level names to ../../build/cobrotic/cobrotic.egg-info/top_level.txt
[0.567s] reading manifest file '../../build/cobrotic/cobrotic.egg-info/SOURCES.txt'
[0.568s] writing manifest file '../../build/cobrotic/cobrotic.egg-info/SOURCES.txt'
[0.568s] running build
[0.568s] running build_py
[0.568s] copying scripts/replay_bag_trajectory.py -> /home/aj/ros2_ws/build/cobrotic/build/lib/scripts
[0.569s] running install
[0.569s] running install_lib
[0.569s] copying /home/aj/ros2_ws/build/cobrotic/build/lib/scripts/replay_bag_trajectory.py -> /home/aj/ros2_ws/install/cobrotic/lib/python3.10/site-packages/scripts
[0.570s] byte-compiling /home/aj/ros2_ws/install/cobrotic/lib/python3.10/site-packages/scripts/replay_bag_trajectory.py to replay_bag_trajectory.cpython-310.pyc
[0.571s] running install_data
[0.571s] copying launch/initiate.launch.py -> /home/aj/ros2_ws/install/cobrotic/share/cobrotic/launch
[0.572s] running install_egg_info
[0.573s] removing '/home/aj/ros2_ws/install/cobrotic/lib/python3.10/site-packages/cobrotic-0.0.0-py3.10.egg-info' (and everything under it)
[0.574s] Copying ../../build/cobrotic/cobrotic.egg-info to /home/aj/ros2_ws/install/cobrotic/lib/python3.10/site-packages/cobrotic-0.0.0-py3.10.egg-info
[0.574s] running install_scripts
[0.587s] Installing moveit2_to_arduino script to /home/aj/ros2_ws/install/cobrotic/lib/cobrotic
[0.587s] Installing pose_recorder script to /home/aj/ros2_ws/install/cobrotic/lib/cobrotic
[0.587s] Installing ros2_to_arduino script to /home/aj/ros2_ws/install/cobrotic/lib/cobrotic
[0.588s] writing list of installed files to '/home/aj/ros2_ws/build/cobrotic/install.log'
[0.602s] Invoked command in '/home/aj/ros2_ws/src/cobrotic' returned '0': PYTHONPATH=/home/aj/ros2_ws/build/cobrotic/prefix_override:/usr/lib/python3/dist-packages/colcon_core/task/python/colcon_distutils_commands:/home/aj/ros2_ws/install/cobrotic/lib/python3.10/site-packages:${PYTHONPATH} /usr/bin/python3 -W ignore:setup.py install is deprecated -W ignore:easy_install command is deprecated setup.py egg_info --egg-base ../../build/cobrotic build --build-base /home/aj/ros2_ws/build/cobrotic/build install --record /home/aj/ros2_ws/build/cobrotic/install.log --single-version-externally-managed install_data
