[0.022s] Invoking command in '/home/aj/ros2_ws/build/moveit_resources_fanuc_description': CMAKE_PREFIX_PATH=${CMAKE_PREFIX_PATH}:/home/aj/ros2_ws/install/cobrotic:/opt/ros/humble /usr/bin/cmake /home/aj/ros2_ws/moveit_resources/fanuc_description -DCMAKE_INSTALL_PREFIX=/home/aj/ros2_ws/install/moveit_resources_fanuc_description
[0.185s] -- The C compiler identification is GNU 11.4.0
[0.354s] -- The CXX compiler identification is GNU 11.4.0
[0.479s] -- Detecting C compiler ABI info
[0.592s] -- Detecting C compiler ABI info - done
[0.597s] -- Check for working C compiler: /usr/bin/cc - skipped
[0.598s] -- Detecting C compile features
[0.598s] -- Detecting C compile features - done
[0.601s] -- Detecting CXX compiler ABI info
[0.705s] -- Detecting CXX compiler ABI info - done
[0.711s] -- Check for working CXX compiler: /usr/bin/c++ - skipped
[0.711s] -- Detecting CXX compile features
[0.711s] -- Detecting CXX compile features - done
[0.718s] -- Found ament_cmake: 1.3.12 (/opt/ros/humble/share/ament_cmake/cmake)
[0.817s] -- Found Python3: /usr/bin/python3 (found version "3.10.12") found components: Interpreter 
[0.932s] -- Configuring done
[0.934s] -- Generating done
[0.935s] -- Build files have been written to: /home/aj/ros2_ws/build/moveit_resources_fanuc_description
[0.940s] Invoked command in '/home/aj/ros2_ws/build/moveit_resources_fanuc_description' returned '0': CMAKE_PREFIX_PATH=${CMAKE_PREFIX_PATH}:/home/aj/ros2_ws/install/cobrotic:/opt/ros/humble /usr/bin/cmake /home/aj/ros2_ws/moveit_resources/fanuc_description -DCMAKE_INSTALL_PREFIX=/home/aj/ros2_ws/install/moveit_resources_fanuc_description
[0.941s] Invoking command in '/home/aj/ros2_ws/build/moveit_resources_fanuc_description': CMAKE_PREFIX_PATH=${CMAKE_PREFIX_PATH}:/home/aj/ros2_ws/install/cobrotic:/opt/ros/humble /usr/bin/cmake --build /home/aj/ros2_ws/build/moveit_resources_fanuc_description -- -j16 -l16
[0.963s] Invoked command in '/home/aj/ros2_ws/build/moveit_resources_fanuc_description' returned '0': CMAKE_PREFIX_PATH=${CMAKE_PREFIX_PATH}:/home/aj/ros2_ws/install/cobrotic:/opt/ros/humble /usr/bin/cmake --build /home/aj/ros2_ws/build/moveit_resources_fanuc_description -- -j16 -l16
[0.965s] Invoking command in '/home/aj/ros2_ws/build/moveit_resources_fanuc_description': CMAKE_PREFIX_PATH=${CMAKE_PREFIX_PATH}:/home/aj/ros2_ws/install/cobrotic:/opt/ros/humble /usr/bin/cmake --install /home/aj/ros2_ws/build/moveit_resources_fanuc_description
[0.969s] -- Install configuration: ""
[0.969s] -- Installing: /home/aj/ros2_ws/install/moveit_resources_fanuc_description/share/ament_index/resource_index/package_run_dependencies/moveit_resources_fanuc_description
[0.969s] -- Installing: /home/aj/ros2_ws/install/moveit_resources_fanuc_description/share/ament_index/resource_index/parent_prefix_path/moveit_resources_fanuc_description
[0.970s] -- Installing: /home/aj/ros2_ws/install/moveit_resources_fanuc_description/share/moveit_resources_fanuc_description/environment/ament_prefix_path.sh
[0.970s] -- Installing: /home/aj/ros2_ws/install/moveit_resources_fanuc_description/share/moveit_resources_fanuc_description/environment/ament_prefix_path.dsv
[0.970s] -- Installing: /home/aj/ros2_ws/install/moveit_resources_fanuc_description/share/moveit_resources_fanuc_description/environment/path.sh
[0.970s] -- Installing: /home/aj/ros2_ws/install/moveit_resources_fanuc_description/share/moveit_resources_fanuc_description/environment/path.dsv
[0.970s] -- Installing: /home/aj/ros2_ws/install/moveit_resources_fanuc_description/share/moveit_resources_fanuc_description/local_setup.bash
[0.970s] -- Installing: /home/aj/ros2_ws/install/moveit_resources_fanuc_description/share/moveit_resources_fanuc_description/local_setup.sh
[0.971s] -- Installing: /home/aj/ros2_ws/install/moveit_resources_fanuc_description/share/moveit_resources_fanuc_description/local_setup.zsh
[0.971s] -- Installing: /home/aj/ros2_ws/install/moveit_resources_fanuc_description/share/moveit_resources_fanuc_description/local_setup.dsv
[0.971s] -- Installing: /home/aj/ros2_ws/install/moveit_resources_fanuc_description/share/moveit_resources_fanuc_description/package.dsv
[0.971s] -- Installing: /home/aj/ros2_ws/install/moveit_resources_fanuc_description/share/ament_index/resource_index/packages/moveit_resources_fanuc_description
[0.971s] -- Installing: /home/aj/ros2_ws/install/moveit_resources_fanuc_description/share/moveit_resources_fanuc_description/cmake/moveit_resources_fanuc_descriptionConfig.cmake
[0.971s] -- Installing: /home/aj/ros2_ws/install/moveit_resources_fanuc_description/share/moveit_resources_fanuc_description/cmake/moveit_resources_fanuc_descriptionConfig-version.cmake
[0.971s] -- Installing: /home/aj/ros2_ws/install/moveit_resources_fanuc_description/share/moveit_resources_fanuc_description/package.xml
[0.972s] -- Installing: /home/aj/ros2_ws/install/moveit_resources_fanuc_description/share/moveit_resources_fanuc_description/meshes
[0.972s] -- Installing: /home/aj/ros2_ws/install/moveit_resources_fanuc_description/share/moveit_resources_fanuc_description/meshes/collision
[0.972s] -- Installing: /home/aj/ros2_ws/install/moveit_resources_fanuc_description/share/moveit_resources_fanuc_description/meshes/collision/base_link.stl
[0.973s] -- Installing: /home/aj/ros2_ws/install/moveit_resources_fanuc_description/share/moveit_resources_fanuc_description/meshes/collision/link_2.stl
[0.973s] -- Installing: /home/aj/ros2_ws/install/moveit_resources_fanuc_description/share/moveit_resources_fanuc_description/meshes/collision/link_4.stl
[0.974s] -- Installing: /home/aj/ros2_ws/install/moveit_resources_fanuc_description/share/moveit_resources_fanuc_description/meshes/collision/link_5.stl
[0.974s] -- Installing: /home/aj/ros2_ws/install/moveit_resources_fanuc_description/share/moveit_resources_fanuc_description/meshes/collision/link_6.stl
[0.975s] -- Installing: /home/aj/ros2_ws/install/moveit_resources_fanuc_description/share/moveit_resources_fanuc_description/meshes/collision/link_3.stl
[0.975s] -- Installing: /home/aj/ros2_ws/install/moveit_resources_fanuc_description/share/moveit_resources_fanuc_description/meshes/collision/link_1.stl
[0.976s] -- Installing: /home/aj/ros2_ws/install/moveit_resources_fanuc_description/share/moveit_resources_fanuc_description/meshes/visual
[0.976s] -- Installing: /home/aj/ros2_ws/install/moveit_resources_fanuc_description/share/moveit_resources_fanuc_description/meshes/visual/base_link.stl
[0.977s] -- Installing: /home/aj/ros2_ws/install/moveit_resources_fanuc_description/share/moveit_resources_fanuc_description/meshes/visual/link_2.stl
[0.978s] -- Installing: /home/aj/ros2_ws/install/moveit_resources_fanuc_description/share/moveit_resources_fanuc_description/meshes/visual/link_4.stl
[0.978s] -- Installing: /home/aj/ros2_ws/install/moveit_resources_fanuc_description/share/moveit_resources_fanuc_description/meshes/visual/link_5.stl
[0.979s] -- Installing: /home/aj/ros2_ws/install/moveit_resources_fanuc_description/share/moveit_resources_fanuc_description/meshes/visual/link_6.stl
[0.979s] -- Installing: /home/aj/ros2_ws/install/moveit_resources_fanuc_description/share/moveit_resources_fanuc_description/meshes/visual/link_3.stl
[0.979s] -- Installing: /home/aj/ros2_ws/install/moveit_resources_fanuc_description/share/moveit_resources_fanuc_description/meshes/visual/link_1.stl
[0.980s] -- Installing: /home/aj/ros2_ws/install/moveit_resources_fanuc_description/share/moveit_resources_fanuc_description/urdf
[0.980s] -- Installing: /home/aj/ros2_ws/install/moveit_resources_fanuc_description/share/moveit_resources_fanuc_description/urdf/fanuc.urdf
[0.982s] Invoked command in '/home/aj/ros2_ws/build/moveit_resources_fanuc_description' returned '0': CMAKE_PREFIX_PATH=${CMAKE_PREFIX_PATH}:/home/aj/ros2_ws/install/cobrotic:/opt/ros/humble /usr/bin/cmake --install /home/aj/ros2_ws/build/moveit_resources_fanuc_description
