running egg_info
writing ../../build/cobrotic/cobrotic.egg-info/PKG-INFO
writing dependency_links to ../../build/cobrotic/cobrotic.egg-info/dependency_links.txt
writing entry points to ../../build/cobrotic/cobrotic.egg-info/entry_points.txt
writing requirements to ../../build/cobrotic/cobrotic.egg-info/requires.txt
writing top-level names to ../../build/cobrotic/cobrotic.egg-info/top_level.txt
reading manifest file '../../build/cobrotic/cobrotic.egg-info/SOURCES.txt'
writing manifest file '../../build/cobrotic/cobrotic.egg-info/SOURCES.txt'
running build
running build_py
creating /home/aj/ros2_ws/build/cobrotic/build
creating /home/aj/ros2_ws/build/cobrotic/build/lib
creating /home/aj/ros2_ws/build/cobrotic/build/lib/scripts
copying scripts/pose_recorder.py -> /home/aj/ros2_ws/build/cobrotic/build/lib/scripts
copying scripts/moveit2_to_arduino.py -> /home/aj/ros2_ws/build/cobrotic/build/lib/scripts
copying scripts/ros2_to_arduino.py -> /home/aj/ros2_ws/build/cobrotic/build/lib/scripts
copying scripts/__init__.py -> /home/aj/ros2_ws/build/cobrotic/build/lib/scripts
copying scripts/pick_an_obj.py -> /home/aj/ros2_ws/build/cobrotic/build/lib/scripts
running install
running install_lib
creating /home/aj/ros2_ws/install/cobrotic/lib/python3.10/site-packages/scripts
copying /home/aj/ros2_ws/build/cobrotic/build/lib/scripts/pose_recorder.py -> /home/aj/ros2_ws/install/cobrotic/lib/python3.10/site-packages/scripts
copying /home/aj/ros2_ws/build/cobrotic/build/lib/scripts/moveit2_to_arduino.py -> /home/aj/ros2_ws/install/cobrotic/lib/python3.10/site-packages/scripts
copying /home/aj/ros2_ws/build/cobrotic/build/lib/scripts/ros2_to_arduino.py -> /home/aj/ros2_ws/install/cobrotic/lib/python3.10/site-packages/scripts
copying /home/aj/ros2_ws/build/cobrotic/build/lib/scripts/__init__.py -> /home/aj/ros2_ws/install/cobrotic/lib/python3.10/site-packages/scripts
copying /home/aj/ros2_ws/build/cobrotic/build/lib/scripts/pick_an_obj.py -> /home/aj/ros2_ws/install/cobrotic/lib/python3.10/site-packages/scripts
byte-compiling /home/aj/ros2_ws/install/cobrotic/lib/python3.10/site-packages/scripts/pose_recorder.py to pose_recorder.cpython-310.pyc
byte-compiling /home/aj/ros2_ws/install/cobrotic/lib/python3.10/site-packages/scripts/moveit2_to_arduino.py to moveit2_to_arduino.cpython-310.pyc
byte-compiling /home/aj/ros2_ws/install/cobrotic/lib/python3.10/site-packages/scripts/ros2_to_arduino.py to ros2_to_arduino.cpython-310.pyc
byte-compiling /home/aj/ros2_ws/install/cobrotic/lib/python3.10/site-packages/scripts/__init__.py to __init__.cpython-310.pyc
byte-compiling /home/aj/ros2_ws/install/cobrotic/lib/python3.10/site-packages/scripts/pick_an_obj.py to pick_an_obj.cpython-310.pyc
running install_data
running install_egg_info
removing '/home/aj/ros2_ws/install/cobrotic/lib/python3.10/site-packages/cobrotic-0.0.0-py3.10.egg-info' (and everything under it)
Copying ../../build/cobrotic/cobrotic.egg-info to /home/aj/ros2_ws/install/cobrotic/lib/python3.10/site-packages/cobrotic-0.0.0-py3.10.egg-info
running install_scripts
Installing moveit2_to_arduino script to /home/aj/ros2_ws/install/cobrotic/lib/cobrotic
Installing ros2_to_arduino script to /home/aj/ros2_ws/install/cobrotic/lib/cobrotic
writing list of installed files to '/home/aj/ros2_ws/build/cobrotic/install.log'
