[0.451s] Invoking command in '/home/aj/ros2_ws/src/cobrotic': PYTHONPATH=/home/aj/ros2_ws/build/cobrotic/prefix_override:/usr/lib/python3/dist-packages/colcon_core/task/python/colcon_distutils_commands:/home/aj/ros2_ws/install/cobrotic/lib/python3.10/site-packages:${PYTHONPATH} /usr/bin/python3 -W ignore:setup.py install is deprecated -W ignore:easy_install command is deprecated setup.py egg_info --egg-base ../../build/cobrotic build --build-base /home/aj/ros2_ws/build/cobrotic/build install --record /home/aj/ros2_ws/build/cobrotic/install.log --single-version-externally-managed install_data
[0.579s] running egg_info
[0.579s] writing ../../build/cobrotic/cobrotic.egg-info/PKG-INFO
[0.579s] writing dependency_links to ../../build/cobrotic/cobrotic.egg-info/dependency_links.txt
[0.580s] writing entry points to ../../build/cobrotic/cobrotic.egg-info/entry_points.txt
[0.580s] writing requirements to ../../build/cobrotic/cobrotic.egg-info/requires.txt
[0.580s] writing top-level names to ../../build/cobrotic/cobrotic.egg-info/top_level.txt
[0.581s] reading manifest file '../../build/cobrotic/cobrotic.egg-info/SOURCES.txt'
[0.582s] writing manifest file '../../build/cobrotic/cobrotic.egg-info/SOURCES.txt'
[0.582s] running build
[0.582s] running build_py
[0.582s] creating /home/aj/ros2_ws/build/cobrotic/build
[0.582s] creating /home/aj/ros2_ws/build/cobrotic/build/lib
[0.583s] creating /home/aj/ros2_ws/build/cobrotic/build/lib/scripts
[0.583s] copying scripts/pose_recorder.py -> /home/aj/ros2_ws/build/cobrotic/build/lib/scripts
[0.583s] copying scripts/moveit2_to_arduino.py -> /home/aj/ros2_ws/build/cobrotic/build/lib/scripts
[0.583s] copying scripts/ros2_to_arduino.py -> /home/aj/ros2_ws/build/cobrotic/build/lib/scripts
[0.584s] copying scripts/__init__.py -> /home/aj/ros2_ws/build/cobrotic/build/lib/scripts
[0.584s] copying scripts/pick_an_obj.py -> /home/aj/ros2_ws/build/cobrotic/build/lib/scripts
[0.584s] running install
[0.584s] running install_lib
[0.585s] creating /home/aj/ros2_ws/install/cobrotic/lib/python3.10/site-packages/scripts
[0.585s] copying /home/aj/ros2_ws/build/cobrotic/build/lib/scripts/pose_recorder.py -> /home/aj/ros2_ws/install/cobrotic/lib/python3.10/site-packages/scripts
[0.585s] copying /home/aj/ros2_ws/build/cobrotic/build/lib/scripts/moveit2_to_arduino.py -> /home/aj/ros2_ws/install/cobrotic/lib/python3.10/site-packages/scripts
[0.585s] copying /home/aj/ros2_ws/build/cobrotic/build/lib/scripts/ros2_to_arduino.py -> /home/aj/ros2_ws/install/cobrotic/lib/python3.10/site-packages/scripts
[0.586s] copying /home/aj/ros2_ws/build/cobrotic/build/lib/scripts/__init__.py -> /home/aj/ros2_ws/install/cobrotic/lib/python3.10/site-packages/scripts
[0.586s] copying /home/aj/ros2_ws/build/cobrotic/build/lib/scripts/pick_an_obj.py -> /home/aj/ros2_ws/install/cobrotic/lib/python3.10/site-packages/scripts
[0.587s] byte-compiling /home/aj/ros2_ws/install/cobrotic/lib/python3.10/site-packages/scripts/pose_recorder.py to pose_recorder.cpython-310.pyc
[0.587s] byte-compiling /home/aj/ros2_ws/install/cobrotic/lib/python3.10/site-packages/scripts/moveit2_to_arduino.py to moveit2_to_arduino.cpython-310.pyc
[0.588s] byte-compiling /home/aj/ros2_ws/install/cobrotic/lib/python3.10/site-packages/scripts/ros2_to_arduino.py to ros2_to_arduino.cpython-310.pyc
[0.588s] byte-compiling /home/aj/ros2_ws/install/cobrotic/lib/python3.10/site-packages/scripts/__init__.py to __init__.cpython-310.pyc
[0.588s] byte-compiling /home/aj/ros2_ws/install/cobrotic/lib/python3.10/site-packages/scripts/pick_an_obj.py to pick_an_obj.cpython-310.pyc
[0.588s] running install_data
[0.588s] running install_egg_info
[0.589s] removing '/home/aj/ros2_ws/install/cobrotic/lib/python3.10/site-packages/cobrotic-0.0.0-py3.10.egg-info' (and everything under it)
[0.590s] Copying ../../build/cobrotic/cobrotic.egg-info to /home/aj/ros2_ws/install/cobrotic/lib/python3.10/site-packages/cobrotic-0.0.0-py3.10.egg-info
[0.592s] running install_scripts
[0.607s] Installing moveit2_to_arduino script to /home/aj/ros2_ws/install/cobrotic/lib/cobrotic
[0.607s] Installing ros2_to_arduino script to /home/aj/ros2_ws/install/cobrotic/lib/cobrotic
[0.607s] writing list of installed files to '/home/aj/ros2_ws/build/cobrotic/install.log'
[0.631s] Invoked command in '/home/aj/ros2_ws/src/cobrotic' returned '0': PYTHONPATH=/home/aj/ros2_ws/build/cobrotic/prefix_override:/usr/lib/python3/dist-packages/colcon_core/task/python/colcon_distutils_commands:/home/aj/ros2_ws/install/cobrotic/lib/python3.10/site-packages:${PYTHONPATH} /usr/bin/python3 -W ignore:setup.py install is deprecated -W ignore:easy_install command is deprecated setup.py egg_info --egg-base ../../build/cobrotic build --build-base /home/aj/ros2_ws/build/cobrotic/build install --record /home/aj/ros2_ws/build/cobrotic/install.log --single-version-externally-managed install_data
