[0.022s] Invoking command in '/home/aj/ros2_ws/build/moveit_resources_panda_moveit_config': AMENT_PREFIX_PATH=/home/aj/ros2_ws/install/moveit_resources_panda_description:${AMENT_PREFIX_PATH} CMAKE_PREFIX_PATH=/home/aj/ros2_ws/install/moveit_resources_panda_description:/home/aj/ros2_ws/install/cobra_moveit_config:/home/aj/ros2_ws/install/cobrotic:/opt/ros/humble /usr/bin/cmake /home/aj/ros2_ws/moveit_resources/panda_moveit_config -DCMAKE_INSTALL_PREFIX=/home/aj/ros2_ws/install/moveit_resources_panda_moveit_config
[0.096s] -- The C compiler identification is GNU 11.4.0
[0.419s] -- The CXX compiler identification is GNU 11.4.0
[0.547s] -- Detecting C compiler ABI info
[0.604s] -- Detecting C compiler ABI info - done
[0.608s] -- Check for working C compiler: /usr/bin/cc - skipped
[0.608s] -- Detecting C compile features
[0.608s] -- Detecting C compile features - done
[0.610s] -- Detecting CXX compiler ABI info
[0.710s] -- Detecting CXX compiler ABI info - done
[0.715s] -- Check for working CXX compiler: /usr/bin/c++ - skipped
[0.715s] -- Detecting CXX compile features
[0.715s] -- Detecting CXX compile features - done
[0.717s] -- Found ament_cmake: 1.3.12 (/opt/ros/humble/share/ament_cmake/cmake)
[0.813s] -- Found Python3: /usr/bin/python3 (found version "3.10.12") found components: Interpreter 
[0.906s] -- Configuring done
[0.909s] -- Generating done
[0.910s] -- Build files have been written to: /home/aj/ros2_ws/build/moveit_resources_panda_moveit_config
[0.913s] Invoked command in '/home/aj/ros2_ws/build/moveit_resources_panda_moveit_config' returned '0': AMENT_PREFIX_PATH=/home/aj/ros2_ws/install/moveit_resources_panda_description:${AMENT_PREFIX_PATH} CMAKE_PREFIX_PATH=/home/aj/ros2_ws/install/moveit_resources_panda_description:/home/aj/ros2_ws/install/cobra_moveit_config:/home/aj/ros2_ws/install/cobrotic:/opt/ros/humble /usr/bin/cmake /home/aj/ros2_ws/moveit_resources/panda_moveit_config -DCMAKE_INSTALL_PREFIX=/home/aj/ros2_ws/install/moveit_resources_panda_moveit_config
[0.914s] Invoking command in '/home/aj/ros2_ws/build/moveit_resources_panda_moveit_config': AMENT_PREFIX_PATH=/home/aj/ros2_ws/install/moveit_resources_panda_description:${AMENT_PREFIX_PATH} CMAKE_PREFIX_PATH=/home/aj/ros2_ws/install/moveit_resources_panda_description:/home/aj/ros2_ws/install/cobra_moveit_config:/home/aj/ros2_ws/install/cobrotic:/opt/ros/humble /usr/bin/cmake --build /home/aj/ros2_ws/build/moveit_resources_panda_moveit_config -- -j16 -l16
[0.936s] Invoked command in '/home/aj/ros2_ws/build/moveit_resources_panda_moveit_config' returned '0': AMENT_PREFIX_PATH=/home/aj/ros2_ws/install/moveit_resources_panda_description:${AMENT_PREFIX_PATH} CMAKE_PREFIX_PATH=/home/aj/ros2_ws/install/moveit_resources_panda_description:/home/aj/ros2_ws/install/cobra_moveit_config:/home/aj/ros2_ws/install/cobrotic:/opt/ros/humble /usr/bin/cmake --build /home/aj/ros2_ws/build/moveit_resources_panda_moveit_config -- -j16 -l16
[0.937s] Invoking command in '/home/aj/ros2_ws/build/moveit_resources_panda_moveit_config': AMENT_PREFIX_PATH=/home/aj/ros2_ws/install/moveit_resources_panda_description:${AMENT_PREFIX_PATH} CMAKE_PREFIX_PATH=/home/aj/ros2_ws/install/moveit_resources_panda_description:/home/aj/ros2_ws/install/cobra_moveit_config:/home/aj/ros2_ws/install/cobrotic:/opt/ros/humble /usr/bin/cmake --install /home/aj/ros2_ws/build/moveit_resources_panda_moveit_config
[0.941s] -- Install configuration: ""
[0.941s] -- Installing: /home/aj/ros2_ws/install/moveit_resources_panda_moveit_config/share/ament_index/resource_index/package_run_dependencies/moveit_resources_panda_moveit_config
[0.942s] -- Installing: /home/aj/ros2_ws/install/moveit_resources_panda_moveit_config/share/ament_index/resource_index/parent_prefix_path/moveit_resources_panda_moveit_config
[0.942s] -- Installing: /home/aj/ros2_ws/install/moveit_resources_panda_moveit_config/share/moveit_resources_panda_moveit_config/environment/ament_prefix_path.sh
[0.942s] -- Installing: /home/aj/ros2_ws/install/moveit_resources_panda_moveit_config/share/moveit_resources_panda_moveit_config/environment/ament_prefix_path.dsv
[0.942s] -- Installing: /home/aj/ros2_ws/install/moveit_resources_panda_moveit_config/share/moveit_resources_panda_moveit_config/environment/path.sh
[0.942s] -- Installing: /home/aj/ros2_ws/install/moveit_resources_panda_moveit_config/share/moveit_resources_panda_moveit_config/environment/path.dsv
[0.943s] -- Installing: /home/aj/ros2_ws/install/moveit_resources_panda_moveit_config/share/moveit_resources_panda_moveit_config/local_setup.bash
[0.943s] -- Installing: /home/aj/ros2_ws/install/moveit_resources_panda_moveit_config/share/moveit_resources_panda_moveit_config/local_setup.sh
[0.943s] -- Installing: /home/aj/ros2_ws/install/moveit_resources_panda_moveit_config/share/moveit_resources_panda_moveit_config/local_setup.zsh
[0.943s] -- Installing: /home/aj/ros2_ws/install/moveit_resources_panda_moveit_config/share/moveit_resources_panda_moveit_config/local_setup.dsv
[0.943s] -- Installing: /home/aj/ros2_ws/install/moveit_resources_panda_moveit_config/share/moveit_resources_panda_moveit_config/package.dsv
[0.943s] -- Installing: /home/aj/ros2_ws/install/moveit_resources_panda_moveit_config/share/ament_index/resource_index/packages/moveit_resources_panda_moveit_config
[0.943s] -- Installing: /home/aj/ros2_ws/install/moveit_resources_panda_moveit_config/share/moveit_resources_panda_moveit_config/cmake/moveit_resources_panda_moveit_configConfig.cmake
[0.943s] -- Installing: /home/aj/ros2_ws/install/moveit_resources_panda_moveit_config/share/moveit_resources_panda_moveit_config/cmake/moveit_resources_panda_moveit_configConfig-version.cmake
[0.943s] -- Installing: /home/aj/ros2_ws/install/moveit_resources_panda_moveit_config/share/moveit_resources_panda_moveit_config/package.xml
[0.943s] -- Installing: /home/aj/ros2_ws/install/moveit_resources_panda_moveit_config/share/moveit_resources_panda_moveit_config/launch
[0.943s] -- Installing: /home/aj/ros2_ws/install/moveit_resources_panda_moveit_config/share/moveit_resources_panda_moveit_config/launch/moveit.rviz
[0.944s] -- Installing: /home/aj/ros2_ws/install/moveit_resources_panda_moveit_config/share/moveit_resources_panda_moveit_config/launch/moveit_empty.rviz
[0.944s] -- Installing: /home/aj/ros2_ws/install/moveit_resources_panda_moveit_config/share/moveit_resources_panda_moveit_config/launch/moveit_rviz.launch.py
[0.944s] -- Installing: /home/aj/ros2_ws/install/moveit_resources_panda_moveit_config/share/moveit_resources_panda_moveit_config/launch/demo.launch.py
[0.944s] -- Installing: /home/aj/ros2_ws/install/moveit_resources_panda_moveit_config/share/moveit_resources_panda_moveit_config/config
[0.945s] -- Installing: /home/aj/ros2_ws/install/moveit_resources_panda_moveit_config/share/moveit_resources_panda_moveit_config/config/hard_joint_limits.yaml
[0.945s] -- Installing: /home/aj/ros2_ws/install/moveit_resources_panda_moveit_config/share/moveit_resources_panda_moveit_config/config/joint_limits.yaml
[0.945s] -- Installing: /home/aj/ros2_ws/install/moveit_resources_panda_moveit_config/share/moveit_resources_panda_moveit_config/config/panda_arm_hand.srdf.xacro
[0.945s] -- Installing: /home/aj/ros2_ws/install/moveit_resources_panda_moveit_config/share/moveit_resources_panda_moveit_config/config/kinematics.yaml
[0.945s] -- Installing: /home/aj/ros2_ws/install/moveit_resources_panda_moveit_config/share/moveit_resources_panda_moveit_config/config/pilz_industrial_motion_planner_planning.yaml
[0.946s] -- Installing: /home/aj/ros2_ws/install/moveit_resources_panda_moveit_config/share/moveit_resources_panda_moveit_config/config/trac_ik_kinematics.yaml
[0.946s] -- Installing: /home/aj/ros2_ws/install/moveit_resources_panda_moveit_config/share/moveit_resources_panda_moveit_config/config/ros2_controllers.yaml
[0.946s] -- Installing: /home/aj/ros2_ws/install/moveit_resources_panda_moveit_config/share/moveit_resources_panda_moveit_config/config/sensors_kinect_depthmap.yaml
[0.946s] -- Installing: /home/aj/ros2_ws/install/moveit_resources_panda_moveit_config/share/moveit_resources_panda_moveit_config/config/sensors_kinect_pointcloud.yaml
[0.947s] -- Installing: /home/aj/ros2_ws/install/moveit_resources_panda_moveit_config/share/moveit_resources_panda_moveit_config/config/panda.srdf
[0.947s] -- Installing: /home/aj/ros2_ws/install/moveit_resources_panda_moveit_config/share/moveit_resources_panda_moveit_config/config/ompl_planning.yaml
[0.947s] -- Installing: /home/aj/ros2_ws/install/moveit_resources_panda_moveit_config/share/moveit_resources_panda_moveit_config/config/stomp_planning.yaml
[0.947s] -- Installing: /home/aj/ros2_ws/install/moveit_resources_panda_moveit_config/share/moveit_resources_panda_moveit_config/config/panda_hand.ros2_control.xacro
[0.947s] -- Installing: /home/aj/ros2_ws/install/moveit_resources_panda_moveit_config/share/moveit_resources_panda_moveit_config/config/panda_arm.srdf.xacro
[0.948s] -- Installing: /home/aj/ros2_ws/install/moveit_resources_panda_moveit_config/share/moveit_resources_panda_moveit_config/config/initial_positions.yaml
[0.948s] -- Installing: /home/aj/ros2_ws/install/moveit_resources_panda_moveit_config/share/moveit_resources_panda_moveit_config/config/hand.xacro
[0.948s] -- Installing: /home/aj/ros2_ws/install/moveit_resources_panda_moveit_config/share/moveit_resources_panda_moveit_config/config/bio_ik_kinematics.yaml
[0.948s] -- Installing: /home/aj/ros2_ws/install/moveit_resources_panda_moveit_config/share/moveit_resources_panda_moveit_config/config/panda.urdf.xacro
[0.948s] -- Installing: /home/aj/ros2_ws/install/moveit_resources_panda_moveit_config/share/moveit_resources_panda_moveit_config/config/panda.ros2_control.xacro
[0.949s] -- Installing: /home/aj/ros2_ws/install/moveit_resources_panda_moveit_config/share/moveit_resources_panda_moveit_config/config/gripper_moveit_controllers.yaml
[0.949s] -- Installing: /home/aj/ros2_ws/install/moveit_resources_panda_moveit_config/share/moveit_resources_panda_moveit_config/config/moveit_controllers.yaml
[0.949s] -- Installing: /home/aj/ros2_ws/install/moveit_resources_panda_moveit_config/share/moveit_resources_panda_moveit_config/config/chomp_planning.yaml
[0.950s] -- Installing: /home/aj/ros2_ws/install/moveit_resources_panda_moveit_config/share/moveit_resources_panda_moveit_config/config/panda_arm.xacro
[0.950s] -- Installing: /home/aj/ros2_ws/install/moveit_resources_panda_moveit_config/share/moveit_resources_panda_moveit_config/config/pilz_cartesian_limits.yaml
[0.950s] -- Installing: /home/aj/ros2_ws/install/moveit_resources_panda_moveit_config/share/moveit_resources_panda_moveit_config/.setup_assistant
[0.952s] Invoked command in '/home/aj/ros2_ws/build/moveit_resources_panda_moveit_config' returned '0': AMENT_PREFIX_PATH=/home/aj/ros2_ws/install/moveit_resources_panda_description:${AMENT_PREFIX_PATH} CMAKE_PREFIX_PATH=/home/aj/ros2_ws/install/moveit_resources_panda_description:/home/aj/ros2_ws/install/cobra_moveit_config:/home/aj/ros2_ws/install/cobrotic:/opt/ros/humble /usr/bin/cmake --install /home/aj/ros2_ws/build/moveit_resources_panda_moveit_config
