[0.333s] Invoking command in '/home/aj/ros2_ws/src/cobrotic': PYTHONPATH=/home/aj/ros2_ws/build/cobrotic/prefix_override:/usr/lib/python3/dist-packages/colcon_core/task/python/colcon_distutils_commands:/home/aj/ros2_ws/install/cobrotic/lib/python3.10/site-packages:${PYTHONPATH} /usr/bin/python3 -W ignore:setup.py install is deprecated -W ignore:easy_install command is deprecated setup.py egg_info --egg-base ../../build/cobrotic build --build-base /home/aj/ros2_ws/build/cobrotic/build install --record /home/aj/ros2_ws/build/cobrotic/install.log --single-version-externally-managed install_data
[0.454s] running egg_info
[0.454s] writing ../../build/cobrotic/cobrotic.egg-info/PKG-INFO
[0.454s] writing dependency_links to ../../build/cobrotic/cobrotic.egg-info/dependency_links.txt
[0.455s] writing entry points to ../../build/cobrotic/cobrotic.egg-info/entry_points.txt
[0.455s] writing requirements to ../../build/cobrotic/cobrotic.egg-info/requires.txt
[0.455s] writing top-level names to ../../build/cobrotic/cobrotic.egg-info/top_level.txt
[0.456s] reading manifest file '../../build/cobrotic/cobrotic.egg-info/SOURCES.txt'
[0.456s] writing manifest file '../../build/cobrotic/cobrotic.egg-info/SOURCES.txt'
[0.456s] running build
[0.456s] running build_py
[0.457s] copying scripts/moveit2_to_arduino.py -> /home/aj/ros2_ws/build/cobrotic/build/lib/scripts
[0.457s] running install
[0.457s] running install_lib
[0.457s] copying /home/aj/ros2_ws/build/cobrotic/build/lib/scripts/moveit2_to_arduino.py -> /home/aj/ros2_ws/install/cobrotic/lib/python3.10/site-packages/scripts
[0.458s] byte-compiling /home/aj/ros2_ws/install/cobrotic/lib/python3.10/site-packages/scripts/moveit2_to_arduino.py to moveit2_to_arduino.cpython-310.pyc
[0.459s] running install_data
[0.459s] running install_egg_info
[0.460s] removing '/home/aj/ros2_ws/install/cobrotic/lib/python3.10/site-packages/cobrotic-0.0.0-py3.10.egg-info' (and everything under it)
[0.460s] Copying ../../build/cobrotic/cobrotic.egg-info to /home/aj/ros2_ws/install/cobrotic/lib/python3.10/site-packages/cobrotic-0.0.0-py3.10.egg-info
[0.460s] running install_scripts
[0.471s] Installing moveit2_to_arduino script to /home/aj/ros2_ws/install/cobrotic/lib/cobrotic
[0.472s] Installing ros2_to_arduino script to /home/aj/ros2_ws/install/cobrotic/lib/cobrotic
[0.472s] writing list of installed files to '/home/aj/ros2_ws/build/cobrotic/install.log'
[0.484s] Invoked command in '/home/aj/ros2_ws/src/cobrotic' returned '0': PYTHONPATH=/home/aj/ros2_ws/build/cobrotic/prefix_override:/usr/lib/python3/dist-packages/colcon_core/task/python/colcon_distutils_commands:/home/aj/ros2_ws/install/cobrotic/lib/python3.10/site-packages:${PYTHONPATH} /usr/bin/python3 -W ignore:setup.py install is deprecated -W ignore:easy_install command is deprecated setup.py egg_info --egg-base ../../build/cobrotic build --build-base /home/aj/ros2_ws/build/cobrotic/build install --record /home/aj/ros2_ws/build/cobrotic/install.log --single-version-externally-managed install_data
