[0.083s] Invoking command in '/home/aj/ros2_ws/build/moveit_resources': AMENT_PREFIX_PATH=/home/aj/ros2_ws/install/moveit_resources_panda_moveit_config:/home/aj/ros2_ws/install/moveit_resources_fanuc_moveit_config:/home/aj/ros2_ws/install/moveit_resources_pr2_description:/home/aj/ros2_ws/install/moveit_resources_panda_description:/home/aj/ros2_ws/install/moveit_resources_fanuc_description:${AMENT_PREFIX_PATH} CMAKE_PREFIX_PATH=/home/aj/ros2_ws/install/moveit_resources_panda_moveit_config:/home/aj/ros2_ws/install/moveit_resources_fanuc_moveit_config:/home/aj/ros2_ws/install/moveit_resources_pr2_description:/home/aj/ros2_ws/install/moveit_resources_panda_description:/home/aj/ros2_ws/install/moveit_resources_fanuc_description:/home/aj/ros2_ws/install/cobra_moveit_config:/home/aj/ros2_ws/install/cobrotic:/opt/ros/humble /usr/bin/cmake /home/aj/ros2_ws/moveit_resources/moveit_resources -DCMAKE_INSTALL_PREFIX=/home/aj/ros2_ws/install/moveit_resources
[0.139s] -- The C compiler identification is GNU 11.4.0
[0.348s] -- The CXX compiler identification is GNU 11.4.0
[0.486s] -- Detecting C compiler ABI info
[0.549s] -- Detecting C compiler ABI info - done
[0.553s] -- Check for working C compiler: /usr/bin/cc - skipped
[0.553s] -- Detecting C compile features
[0.554s] -- Detecting C compile features - done
[0.556s] -- Detecting CXX compiler ABI info
[0.626s] -- Detecting CXX compiler ABI info - done
[0.631s] -- Check for working CXX compiler: /usr/bin/c++ - skipped
[0.631s] -- Detecting CXX compile features
[0.631s] -- Detecting CXX compile features - done
[0.633s] -- Found ament_cmake: 1.3.12 (/opt/ros/humble/share/ament_cmake/cmake)
[0.724s] -- Found Python3: /usr/bin/python3 (found version "3.10.12") found components: Interpreter 
[0.821s] -- Configuring done
[0.823s] -- Generating done
[0.825s] -- Build files have been written to: /home/aj/ros2_ws/build/moveit_resources
[0.828s] Invoked command in '/home/aj/ros2_ws/build/moveit_resources' returned '0': AMENT_PREFIX_PATH=/home/aj/ros2_ws/install/moveit_resources_panda_moveit_config:/home/aj/ros2_ws/install/moveit_resources_fanuc_moveit_config:/home/aj/ros2_ws/install/moveit_resources_pr2_description:/home/aj/ros2_ws/install/moveit_resources_panda_description:/home/aj/ros2_ws/install/moveit_resources_fanuc_description:${AMENT_PREFIX_PATH} CMAKE_PREFIX_PATH=/home/aj/ros2_ws/install/moveit_resources_panda_moveit_config:/home/aj/ros2_ws/install/moveit_resources_fanuc_moveit_config:/home/aj/ros2_ws/install/moveit_resources_pr2_description:/home/aj/ros2_ws/install/moveit_resources_panda_description:/home/aj/ros2_ws/install/moveit_resources_fanuc_description:/home/aj/ros2_ws/install/cobra_moveit_config:/home/aj/ros2_ws/install/cobrotic:/opt/ros/humble /usr/bin/cmake /home/aj/ros2_ws/moveit_resources/moveit_resources -DCMAKE_INSTALL_PREFIX=/home/aj/ros2_ws/install/moveit_resources
[0.828s] Invoking command in '/home/aj/ros2_ws/build/moveit_resources': AMENT_PREFIX_PATH=/home/aj/ros2_ws/install/moveit_resources_panda_moveit_config:/home/aj/ros2_ws/install/moveit_resources_fanuc_moveit_config:/home/aj/ros2_ws/install/moveit_resources_pr2_description:/home/aj/ros2_ws/install/moveit_resources_panda_description:/home/aj/ros2_ws/install/moveit_resources_fanuc_description:${AMENT_PREFIX_PATH} CMAKE_PREFIX_PATH=/home/aj/ros2_ws/install/moveit_resources_panda_moveit_config:/home/aj/ros2_ws/install/moveit_resources_fanuc_moveit_config:/home/aj/ros2_ws/install/moveit_resources_pr2_description:/home/aj/ros2_ws/install/moveit_resources_panda_description:/home/aj/ros2_ws/install/moveit_resources_fanuc_description:/home/aj/ros2_ws/install/cobra_moveit_config:/home/aj/ros2_ws/install/cobrotic:/opt/ros/humble /usr/bin/cmake --build /home/aj/ros2_ws/build/moveit_resources -- -j16 -l16
[0.851s] Invoked command in '/home/aj/ros2_ws/build/moveit_resources' returned '0': AMENT_PREFIX_PATH=/home/aj/ros2_ws/install/moveit_resources_panda_moveit_config:/home/aj/ros2_ws/install/moveit_resources_fanuc_moveit_config:/home/aj/ros2_ws/install/moveit_resources_pr2_description:/home/aj/ros2_ws/install/moveit_resources_panda_description:/home/aj/ros2_ws/install/moveit_resources_fanuc_description:${AMENT_PREFIX_PATH} CMAKE_PREFIX_PATH=/home/aj/ros2_ws/install/moveit_resources_panda_moveit_config:/home/aj/ros2_ws/install/moveit_resources_fanuc_moveit_config:/home/aj/ros2_ws/install/moveit_resources_pr2_description:/home/aj/ros2_ws/install/moveit_resources_panda_description:/home/aj/ros2_ws/install/moveit_resources_fanuc_description:/home/aj/ros2_ws/install/cobra_moveit_config:/home/aj/ros2_ws/install/cobrotic:/opt/ros/humble /usr/bin/cmake --build /home/aj/ros2_ws/build/moveit_resources -- -j16 -l16
[0.852s] Invoking command in '/home/aj/ros2_ws/build/moveit_resources': AMENT_PREFIX_PATH=/home/aj/ros2_ws/install/moveit_resources_panda_moveit_config:/home/aj/ros2_ws/install/moveit_resources_fanuc_moveit_config:/home/aj/ros2_ws/install/moveit_resources_pr2_description:/home/aj/ros2_ws/install/moveit_resources_panda_description:/home/aj/ros2_ws/install/moveit_resources_fanuc_description:${AMENT_PREFIX_PATH} CMAKE_PREFIX_PATH=/home/aj/ros2_ws/install/moveit_resources_panda_moveit_config:/home/aj/ros2_ws/install/moveit_resources_fanuc_moveit_config:/home/aj/ros2_ws/install/moveit_resources_pr2_description:/home/aj/ros2_ws/install/moveit_resources_panda_description:/home/aj/ros2_ws/install/moveit_resources_fanuc_description:/home/aj/ros2_ws/install/cobra_moveit_config:/home/aj/ros2_ws/install/cobrotic:/opt/ros/humble /usr/bin/cmake --install /home/aj/ros2_ws/build/moveit_resources
[0.856s] -- Install configuration: ""
[0.856s] -- Installing: /home/aj/ros2_ws/install/moveit_resources/share/ament_index/resource_index/package_run_dependencies/moveit_resources
[0.857s] -- Installing: /home/aj/ros2_ws/install/moveit_resources/share/ament_index/resource_index/parent_prefix_path/moveit_resources
[0.857s] -- Installing: /home/aj/ros2_ws/install/moveit_resources/share/moveit_resources/environment/ament_prefix_path.sh
[0.857s] -- Installing: /home/aj/ros2_ws/install/moveit_resources/share/moveit_resources/environment/ament_prefix_path.dsv
[0.857s] -- Installing: /home/aj/ros2_ws/install/moveit_resources/share/moveit_resources/environment/path.sh
[0.857s] -- Installing: /home/aj/ros2_ws/install/moveit_resources/share/moveit_resources/environment/path.dsv
[0.857s] -- Installing: /home/aj/ros2_ws/install/moveit_resources/share/moveit_resources/local_setup.bash
[0.857s] -- Installing: /home/aj/ros2_ws/install/moveit_resources/share/moveit_resources/local_setup.sh
[0.858s] -- Installing: /home/aj/ros2_ws/install/moveit_resources/share/moveit_resources/local_setup.zsh
[0.858s] -- Installing: /home/aj/ros2_ws/install/moveit_resources/share/moveit_resources/local_setup.dsv
[0.858s] -- Installing: /home/aj/ros2_ws/install/moveit_resources/share/moveit_resources/package.dsv
[0.858s] -- Installing: /home/aj/ros2_ws/install/moveit_resources/share/ament_index/resource_index/packages/moveit_resources
[0.858s] -- Installing: /home/aj/ros2_ws/install/moveit_resources/share/moveit_resources/cmake/moveit_resourcesConfig.cmake
[0.858s] -- Installing: /home/aj/ros2_ws/install/moveit_resources/share/moveit_resources/cmake/moveit_resourcesConfig-version.cmake
[0.858s] -- Installing: /home/aj/ros2_ws/install/moveit_resources/share/moveit_resources/package.xml
[0.859s] Invoked command in '/home/aj/ros2_ws/build/moveit_resources' returned '0': AMENT_PREFIX_PATH=/home/aj/ros2_ws/install/moveit_resources_panda_moveit_config:/home/aj/ros2_ws/install/moveit_resources_fanuc_moveit_config:/home/aj/ros2_ws/install/moveit_resources_pr2_description:/home/aj/ros2_ws/install/moveit_resources_panda_description:/home/aj/ros2_ws/install/moveit_resources_fanuc_description:${AMENT_PREFIX_PATH} CMAKE_PREFIX_PATH=/home/aj/ros2_ws/install/moveit_resources_panda_moveit_config:/home/aj/ros2_ws/install/moveit_resources_fanuc_moveit_config:/home/aj/ros2_ws/install/moveit_resources_pr2_description:/home/aj/ros2_ws/install/moveit_resources_panda_description:/home/aj/ros2_ws/install/moveit_resources_fanuc_description:/home/aj/ros2_ws/install/cobra_moveit_config:/home/aj/ros2_ws/install/cobrotic:/opt/ros/humble /usr/bin/cmake --install /home/aj/ros2_ws/build/moveit_resources
