[0.025s] Invoking command in '/home/aj/ros2_ws/build/moveit_resources_fanuc_moveit_config': AMENT_PREFIX_PATH=/home/aj/ros2_ws/install/moveit_resources_fanuc_description:${AMENT_PREFIX_PATH} CMAKE_PREFIX_PATH=/home/aj/ros2_ws/install/moveit_resources_fanuc_description:/home/aj/ros2_ws/install/cobra_moveit_config:/home/aj/ros2_ws/install/cobrotic:/opt/ros/humble /usr/bin/cmake /home/aj/ros2_ws/moveit_resources/fanuc_moveit_config -DCMAKE_INSTALL_PREFIX=/home/aj/ros2_ws/install/moveit_resources_fanuc_moveit_config
[0.103s] -- The C compiler identification is GNU 11.4.0
[0.312s] -- The CXX compiler identification is GNU 11.4.0
[0.486s] -- Detecting C compiler ABI info
[0.553s] -- Detecting C compiler ABI info - done
[0.558s] -- Check for working C compiler: /usr/bin/cc - skipped
[0.558s] -- Detecting C compile features
[0.558s] -- Detecting C compile features - done
[0.560s] -- Detecting CXX compiler ABI info
[0.622s] -- Detecting CXX compiler ABI info - done
[0.626s] -- Check for working CXX compiler: /usr/bin/c++ - skipped
[0.626s] -- Detecting CXX compile features
[0.627s] -- Detecting CXX compile features - done
[0.628s] -- Found ament_cmake: 1.3.12 (/opt/ros/humble/share/ament_cmake/cmake)
[0.722s] -- Found Python3: /usr/bin/python3 (found version "3.10.12") found components: Interpreter 
[0.818s] -- Configuring done
[0.820s] -- Generating done
[0.822s] -- Build files have been written to: /home/aj/ros2_ws/build/moveit_resources_fanuc_moveit_config
[0.825s] Invoked command in '/home/aj/ros2_ws/build/moveit_resources_fanuc_moveit_config' returned '0': AMENT_PREFIX_PATH=/home/aj/ros2_ws/install/moveit_resources_fanuc_description:${AMENT_PREFIX_PATH} CMAKE_PREFIX_PATH=/home/aj/ros2_ws/install/moveit_resources_fanuc_description:/home/aj/ros2_ws/install/cobra_moveit_config:/home/aj/ros2_ws/install/cobrotic:/opt/ros/humble /usr/bin/cmake /home/aj/ros2_ws/moveit_resources/fanuc_moveit_config -DCMAKE_INSTALL_PREFIX=/home/aj/ros2_ws/install/moveit_resources_fanuc_moveit_config
[0.826s] Invoking command in '/home/aj/ros2_ws/build/moveit_resources_fanuc_moveit_config': AMENT_PREFIX_PATH=/home/aj/ros2_ws/install/moveit_resources_fanuc_description:${AMENT_PREFIX_PATH} CMAKE_PREFIX_PATH=/home/aj/ros2_ws/install/moveit_resources_fanuc_description:/home/aj/ros2_ws/install/cobra_moveit_config:/home/aj/ros2_ws/install/cobrotic:/opt/ros/humble /usr/bin/cmake --build /home/aj/ros2_ws/build/moveit_resources_fanuc_moveit_config -- -j16 -l16
[0.855s] Invoked command in '/home/aj/ros2_ws/build/moveit_resources_fanuc_moveit_config' returned '0': AMENT_PREFIX_PATH=/home/aj/ros2_ws/install/moveit_resources_fanuc_description:${AMENT_PREFIX_PATH} CMAKE_PREFIX_PATH=/home/aj/ros2_ws/install/moveit_resources_fanuc_description:/home/aj/ros2_ws/install/cobra_moveit_config:/home/aj/ros2_ws/install/cobrotic:/opt/ros/humble /usr/bin/cmake --build /home/aj/ros2_ws/build/moveit_resources_fanuc_moveit_config -- -j16 -l16
[0.856s] Invoking command in '/home/aj/ros2_ws/build/moveit_resources_fanuc_moveit_config': AMENT_PREFIX_PATH=/home/aj/ros2_ws/install/moveit_resources_fanuc_description:${AMENT_PREFIX_PATH} CMAKE_PREFIX_PATH=/home/aj/ros2_ws/install/moveit_resources_fanuc_description:/home/aj/ros2_ws/install/cobra_moveit_config:/home/aj/ros2_ws/install/cobrotic:/opt/ros/humble /usr/bin/cmake --install /home/aj/ros2_ws/build/moveit_resources_fanuc_moveit_config
[0.860s] -- Install configuration: ""
[0.861s] -- Installing: /home/aj/ros2_ws/install/moveit_resources_fanuc_moveit_config/share/ament_index/resource_index/package_run_dependencies/moveit_resources_fanuc_moveit_config
[0.861s] -- Installing: /home/aj/ros2_ws/install/moveit_resources_fanuc_moveit_config/share/ament_index/resource_index/parent_prefix_path/moveit_resources_fanuc_moveit_config
[0.861s] -- Installing: /home/aj/ros2_ws/install/moveit_resources_fanuc_moveit_config/share/moveit_resources_fanuc_moveit_config/environment/ament_prefix_path.sh
[0.861s] -- Installing: /home/aj/ros2_ws/install/moveit_resources_fanuc_moveit_config/share/moveit_resources_fanuc_moveit_config/environment/ament_prefix_path.dsv
[0.861s] -- Installing: /home/aj/ros2_ws/install/moveit_resources_fanuc_moveit_config/share/moveit_resources_fanuc_moveit_config/environment/path.sh
[0.861s] -- Installing: /home/aj/ros2_ws/install/moveit_resources_fanuc_moveit_config/share/moveit_resources_fanuc_moveit_config/environment/path.dsv
[0.861s] -- Installing: /home/aj/ros2_ws/install/moveit_resources_fanuc_moveit_config/share/moveit_resources_fanuc_moveit_config/local_setup.bash
[0.861s] -- Installing: /home/aj/ros2_ws/install/moveit_resources_fanuc_moveit_config/share/moveit_resources_fanuc_moveit_config/local_setup.sh
[0.861s] -- Installing: /home/aj/ros2_ws/install/moveit_resources_fanuc_moveit_config/share/moveit_resources_fanuc_moveit_config/local_setup.zsh
[0.862s] -- Installing: /home/aj/ros2_ws/install/moveit_resources_fanuc_moveit_config/share/moveit_resources_fanuc_moveit_config/local_setup.dsv
[0.862s] -- Installing: /home/aj/ros2_ws/install/moveit_resources_fanuc_moveit_config/share/moveit_resources_fanuc_moveit_config/package.dsv
[0.862s] -- Installing: /home/aj/ros2_ws/install/moveit_resources_fanuc_moveit_config/share/ament_index/resource_index/packages/moveit_resources_fanuc_moveit_config
[0.862s] -- Installing: /home/aj/ros2_ws/install/moveit_resources_fanuc_moveit_config/share/moveit_resources_fanuc_moveit_config/cmake/moveit_resources_fanuc_moveit_configConfig.cmake
[0.862s] -- Installing: /home/aj/ros2_ws/install/moveit_resources_fanuc_moveit_config/share/moveit_resources_fanuc_moveit_config/cmake/moveit_resources_fanuc_moveit_configConfig-version.cmake
[0.862s] -- Installing: /home/aj/ros2_ws/install/moveit_resources_fanuc_moveit_config/share/moveit_resources_fanuc_moveit_config/package.xml
[0.862s] -- Installing: /home/aj/ros2_ws/install/moveit_resources_fanuc_moveit_config/share/moveit_resources_fanuc_moveit_config/launch
[0.863s] -- Installing: /home/aj/ros2_ws/install/moveit_resources_fanuc_moveit_config/share/moveit_resources_fanuc_moveit_config/launch/moveit.rviz
[0.863s] -- Installing: /home/aj/ros2_ws/install/moveit_resources_fanuc_moveit_config/share/moveit_resources_fanuc_moveit_config/launch/demo.launch.py
[0.863s] -- Installing: /home/aj/ros2_ws/install/moveit_resources_fanuc_moveit_config/share/moveit_resources_fanuc_moveit_config/config
[0.864s] -- Installing: /home/aj/ros2_ws/install/moveit_resources_fanuc_moveit_config/share/moveit_resources_fanuc_moveit_config/config/joint_limits.yaml
[0.864s] -- Installing: /home/aj/ros2_ws/install/moveit_resources_fanuc_moveit_config/share/moveit_resources_fanuc_moveit_config/config/kinematics.yaml
[0.864s] -- Installing: /home/aj/ros2_ws/install/moveit_resources_fanuc_moveit_config/share/moveit_resources_fanuc_moveit_config/config/ros2_controllers.yaml
[0.864s] -- Installing: /home/aj/ros2_ws/install/moveit_resources_fanuc_moveit_config/share/moveit_resources_fanuc_moveit_config/config/fanuc.urdf.xacro
[0.865s] -- Installing: /home/aj/ros2_ws/install/moveit_resources_fanuc_moveit_config/share/moveit_resources_fanuc_moveit_config/config/sensors_3d.yaml
[0.865s] -- Installing: /home/aj/ros2_ws/install/moveit_resources_fanuc_moveit_config/share/moveit_resources_fanuc_moveit_config/config/ompl_planning.yaml
[0.865s] -- Installing: /home/aj/ros2_ws/install/moveit_resources_fanuc_moveit_config/share/moveit_resources_fanuc_moveit_config/config/fanuc.ros2_control.xacro
[0.865s] -- Installing: /home/aj/ros2_ws/install/moveit_resources_fanuc_moveit_config/share/moveit_resources_fanuc_moveit_config/config/fanuc.srdf
[0.865s] -- Installing: /home/aj/ros2_ws/install/moveit_resources_fanuc_moveit_config/share/moveit_resources_fanuc_moveit_config/config/initial_positions.yaml
[0.866s] -- Installing: /home/aj/ros2_ws/install/moveit_resources_fanuc_moveit_config/share/moveit_resources_fanuc_moveit_config/config/moveit_controllers.yaml
[0.866s] -- Installing: /home/aj/ros2_ws/install/moveit_resources_fanuc_moveit_config/share/moveit_resources_fanuc_moveit_config/config/chomp_planning.yaml
[0.866s] -- Installing: /home/aj/ros2_ws/install/moveit_resources_fanuc_moveit_config/share/moveit_resources_fanuc_moveit_config/config/pilz_cartesian_limits.yaml
[0.866s] -- Installing: /home/aj/ros2_ws/install/moveit_resources_fanuc_moveit_config/share/moveit_resources_fanuc_moveit_config/.setup_assistant
[0.868s] Invoked command in '/home/aj/ros2_ws/build/moveit_resources_fanuc_moveit_config' returned '0': AMENT_PREFIX_PATH=/home/aj/ros2_ws/install/moveit_resources_fanuc_description:${AMENT_PREFIX_PATH} CMAKE_PREFIX_PATH=/home/aj/ros2_ws/install/moveit_resources_fanuc_description:/home/aj/ros2_ws/install/cobra_moveit_config:/home/aj/ros2_ws/install/cobrotic:/opt/ros/humble /usr/bin/cmake --install /home/aj/ros2_ws/build/moveit_resources_fanuc_moveit_config
