[0.045s] Invoking command in '/home/aj/ros2_ws/build/cobra_moveit_config': AMENT_PREFIX_PATH=/home/aj/ros2_ws/install/cobrotic:${AMENT_PREFIX_PATH} CMAKE_PREFIX_PATH=/opt/ros/humble PYTHONPATH=/home/aj/ros2_ws/install/cobrotic/lib/python3.10/site-packages:${PYTHONPATH} /usr/bin/cmake --build /home/aj/ros2_ws/build/cobra_moveit_config -- -j16 -l16
[0.097s] Invoked command in '/home/aj/ros2_ws/build/cobra_moveit_config' returned '0': AMENT_PREFIX_PATH=/home/aj/ros2_ws/install/cobrotic:${AMENT_PREFIX_PATH} CMAKE_PREFIX_PATH=/opt/ros/humble PYTHONPATH=/home/aj/ros2_ws/install/cobrotic/lib/python3.10/site-packages:${PYTHONPATH} /usr/bin/cmake --build /home/aj/ros2_ws/build/cobra_moveit_config -- -j16 -l16
[0.103s] Invoking command in '/home/aj/ros2_ws/build/cobra_moveit_config': AMENT_PREFIX_PATH=/home/aj/ros2_ws/install/cobrotic:${AMENT_PREFIX_PATH} CMAKE_PREFIX_PATH=/opt/ros/humble PYTHONPATH=/home/aj/ros2_ws/install/cobrotic/lib/python3.10/site-packages:${PYTHONPATH} /usr/bin/cmake --install /home/aj/ros2_ws/build/cobra_moveit_config
[0.107s] -- Install configuration: ""
[0.108s] -- Up-to-date: /home/aj/ros2_ws/install/cobra_moveit_config/share/ament_index/resource_index/package_run_dependencies/cobra_moveit_config
[0.108s] -- Up-to-date: /home/aj/ros2_ws/install/cobra_moveit_config/share/ament_index/resource_index/parent_prefix_path/cobra_moveit_config
[0.108s] -- Up-to-date: /home/aj/ros2_ws/install/cobra_moveit_config/share/cobra_moveit_config/environment/ament_prefix_path.sh
[0.108s] -- Up-to-date: /home/aj/ros2_ws/install/cobra_moveit_config/share/cobra_moveit_config/environment/ament_prefix_path.dsv
[0.108s] -- Up-to-date: /home/aj/ros2_ws/install/cobra_moveit_config/share/cobra_moveit_config/environment/path.sh
[0.109s] -- Up-to-date: /home/aj/ros2_ws/install/cobra_moveit_config/share/cobra_moveit_config/environment/path.dsv
[0.109s] -- Up-to-date: /home/aj/ros2_ws/install/cobra_moveit_config/share/cobra_moveit_config/local_setup.bash
[0.109s] -- Up-to-date: /home/aj/ros2_ws/install/cobra_moveit_config/share/cobra_moveit_config/local_setup.sh
[0.109s] -- Up-to-date: /home/aj/ros2_ws/install/cobra_moveit_config/share/cobra_moveit_config/local_setup.zsh
[0.109s] -- Up-to-date: /home/aj/ros2_ws/install/cobra_moveit_config/share/cobra_moveit_config/local_setup.dsv
[0.109s] -- Installing: /home/aj/ros2_ws/install/cobra_moveit_config/share/cobra_moveit_config/package.dsv
[0.109s] -- Up-to-date: /home/aj/ros2_ws/install/cobra_moveit_config/share/ament_index/resource_index/packages/cobra_moveit_config
[0.109s] -- Up-to-date: /home/aj/ros2_ws/install/cobra_moveit_config/share/cobra_moveit_config/cmake/cobra_moveit_configConfig.cmake
[0.109s] -- Up-to-date: /home/aj/ros2_ws/install/cobra_moveit_config/share/cobra_moveit_config/cmake/cobra_moveit_configConfig-version.cmake
[0.109s] -- Up-to-date: /home/aj/ros2_ws/install/cobra_moveit_config/share/cobra_moveit_config/package.xml
[0.109s] -- Up-to-date: /home/aj/ros2_ws/install/cobra_moveit_config/share/cobra_moveit_config/launch
[0.110s] -- Up-to-date: /home/aj/ros2_ws/install/cobra_moveit_config/share/cobra_moveit_config/launch/move_group.launch.py
[0.110s] -- Up-to-date: /home/aj/ros2_ws/install/cobra_moveit_config/share/cobra_moveit_config/launch/warehouse_db.launch.py
[0.110s] -- Up-to-date: /home/aj/ros2_ws/install/cobra_moveit_config/share/cobra_moveit_config/launch/rsp.launch.py
[0.110s] -- Up-to-date: /home/aj/ros2_ws/install/cobra_moveit_config/share/cobra_moveit_config/launch/moveit_rviz.launch.py
[0.110s] -- Up-to-date: /home/aj/ros2_ws/install/cobra_moveit_config/share/cobra_moveit_config/launch/spawn_controllers.launch.py
[0.110s] -- Up-to-date: /home/aj/ros2_ws/install/cobra_moveit_config/share/cobra_moveit_config/launch/setup_assistant.launch.py
[0.110s] -- Up-to-date: /home/aj/ros2_ws/install/cobra_moveit_config/share/cobra_moveit_config/launch/static_virtual_joint_tfs.launch.py
[0.110s] -- Up-to-date: /home/aj/ros2_ws/install/cobra_moveit_config/share/cobra_moveit_config/launch/demo.launch.py
[0.110s] -- Up-to-date: /home/aj/ros2_ws/install/cobra_moveit_config/share/cobra_moveit_config/config
[0.112s] -- Up-to-date: /home/aj/ros2_ws/install/cobra_moveit_config/share/cobra_moveit_config/config/joint_limits.yaml
[0.112s] -- Up-to-date: /home/aj/ros2_ws/install/cobra_moveit_config/share/cobra_moveit_config/config/cobra.ros2_control.xacro
[0.112s] -- Up-to-date: /home/aj/ros2_ws/install/cobra_moveit_config/share/cobra_moveit_config/config/kinematics.yaml
[0.112s] -- Up-to-date: /home/aj/ros2_ws/install/cobra_moveit_config/share/cobra_moveit_config/config/ros2_controllers.yaml
[0.112s] -- Up-to-date: /home/aj/ros2_ws/install/cobra_moveit_config/share/cobra_moveit_config/config/cobra.srdf
[0.112s] -- Up-to-date: /home/aj/ros2_ws/install/cobra_moveit_config/share/cobra_moveit_config/config/cobra.urdf.xacro
[0.112s] -- Up-to-date: /home/aj/ros2_ws/install/cobra_moveit_config/share/cobra_moveit_config/config/moveit.rviz
[0.112s] -- Up-to-date: /home/aj/ros2_ws/install/cobra_moveit_config/share/cobra_moveit_config/config/initial_positions.yaml
[0.113s] -- Up-to-date: /home/aj/ros2_ws/install/cobra_moveit_config/share/cobra_moveit_config/config/moveit_controllers.yaml
[0.113s] -- Up-to-date: /home/aj/ros2_ws/install/cobra_moveit_config/share/cobra_moveit_config/config/pilz_cartesian_limits.yaml
[0.113s] -- Up-to-date: /home/aj/ros2_ws/install/cobra_moveit_config/share/cobra_moveit_config/.setup_assistant
[0.113s] Invoked command in '/home/aj/ros2_ws/build/cobra_moveit_config' returned '0': AMENT_PREFIX_PATH=/home/aj/ros2_ws/install/cobrotic:${AMENT_PREFIX_PATH} CMAKE_PREFIX_PATH=/opt/ros/humble PYTHONPATH=/home/aj/ros2_ws/install/cobrotic/lib/python3.10/site-packages:${PYTHONPATH} /usr/bin/cmake --install /home/aj/ros2_ws/build/cobra_moveit_config
