/home/aj/ros2_ws/install/cobrotic/lib/python3.10/site-packages/scripts/replay_bag_trajectory.py
/home/aj/ros2_ws/install/cobrotic/lib/python3.10/site-packages/scripts/moveit2_to_arduino.py
/home/aj/ros2_ws/install/cobrotic/lib/python3.10/site-packages/scripts/ros2_to_arduino.py
/home/aj/ros2_ws/install/cobrotic/lib/python3.10/site-packages/scripts/__init__.py
/home/aj/ros2_ws/install/cobrotic/lib/python3.10/site-packages/scripts/pick_an_obj.py
/home/aj/ros2_ws/install/cobrotic/lib/python3.10/site-packages/scripts/__pycache__/replay_bag_trajectory.cpython-310.pyc
/home/aj/ros2_ws/install/cobrotic/lib/python3.10/site-packages/scripts/__pycache__/moveit2_to_arduino.cpython-310.pyc
/home/aj/ros2_ws/install/cobrotic/lib/python3.10/site-packages/scripts/__pycache__/ros2_to_arduino.cpython-310.pyc
/home/aj/ros2_ws/install/cobrotic/lib/python3.10/site-packages/scripts/__pycache__/__init__.cpython-310.pyc
/home/aj/ros2_ws/install/cobrotic/lib/python3.10/site-packages/scripts/__pycache__/pick_an_obj.cpython-310.pyc
/home/aj/ros2_ws/install/cobrotic/share/ament_index/resource_index/packages/cobrotic
/home/aj/ros2_ws/install/cobrotic/share/cobrotic/package.xml
/home/aj/ros2_ws/install/cobrotic/share/cobrotic/launch/initiate.launch.py
/home/aj/ros2_ws/install/cobrotic/share/cobrotic/launch/display.launch.py
/home/aj/ros2_ws/install/cobrotic/share/cobrotic/cobra.urdf
/home/aj/ros2_ws/install/cobrotic/share/cobrotic/cobra.rviz
/home/aj/ros2_ws/install/cobrotic/lib/python3.10/site-packages/cobrotic-0.0.0-py3.10.egg-info/SOURCES.txt
/home/aj/ros2_ws/install/cobrotic/lib/python3.10/site-packages/cobrotic-0.0.0-py3.10.egg-info/top_level.txt
/home/aj/ros2_ws/install/cobrotic/lib/python3.10/site-packages/cobrotic-0.0.0-py3.10.egg-info/requires.txt
/home/aj/ros2_ws/install/cobrotic/lib/python3.10/site-packages/cobrotic-0.0.0-py3.10.egg-info/PKG-INFO
/home/aj/ros2_ws/install/cobrotic/lib/python3.10/site-packages/cobrotic-0.0.0-py3.10.egg-info/dependency_links.txt
/home/aj/ros2_ws/install/cobrotic/lib/python3.10/site-packages/cobrotic-0.0.0-py3.10.egg-info/entry_points.txt
/home/aj/ros2_ws/install/cobrotic/lib/python3.10/site-packages/cobrotic-0.0.0-py3.10.egg-info/zip-safe
/home/aj/ros2_ws/install/cobrotic/lib/cobrotic/moveit2_to_arduino
/home/aj/ros2_ws/install/cobrotic/lib/cobrotic/pose_recorder
/home/aj/ros2_ws/install/cobrotic/lib/cobrotic/ros2_to_arduino
