running egg_info
writing ../../build/cobrotic/cobrotic.egg-info/PKG-INFO
writing dependency_links to ../../build/cobrotic/cobrotic.egg-info/dependency_links.txt
writing entry points to ../../build/cobrotic/cobrotic.egg-info/entry_points.txt
writing requirements to ../../build/cobrotic/cobrotic.egg-info/requires.txt
writing top-level names to ../../build/cobrotic/cobrotic.egg-info/top_level.txt
reading manifest file '../../build/cobrotic/cobrotic.egg-info/SOURCES.txt'
writing manifest file '../../build/cobrotic/cobrotic.egg-info/SOURCES.txt'
running build
running build_py
running install
running install_lib
running install_data
copying launch/initiate.launch.py -> /home/aj/ros2_ws/install/cobrotic/share/cobrotic/launch
running install_egg_info
removing '/home/aj/ros2_ws/install/cobrotic/lib/python3.10/site-packages/cobrotic-0.0.0-py3.10.egg-info' (and everything under it)
Copying ../../build/cobrotic/cobrotic.egg-info to /home/aj/ros2_ws/install/cobrotic/lib/python3.10/site-packages/cobrotic-0.0.0-py3.10.egg-info
running install_scripts
Installing moveit2_to_arduino script to /home/aj/ros2_ws/install/cobrotic/lib/cobrotic
Installing pose_recorder script to /home/aj/ros2_ws/install/cobrotic/lib/cobrotic
Installing ros2_to_arduino script to /home/aj/ros2_ws/install/cobrotic/lib/cobrotic
writing list of installed files to '/home/aj/ros2_ws/build/cobrotic/install.log'
