[0.044s] Invoking command in '/home/aj/ros2_ws/build/cobra_moveit_config': AMENT_PREFIX_PATH=/home/aj/ros2_ws/install/cobrotic:/home/aj/ros2_ws/install/cobra_moveit_config:/opt/ros/humble CMAKE_PREFIX_PATH=${CMAKE_PREFIX_PATH}:/home/aj/ros2_ws/install/cobrotic:/opt/ros/humble /usr/bin/cmake --build /home/aj/ros2_ws/build/cobra_moveit_config -- -j16 -l16
[0.069s] Invoked command in '/home/aj/ros2_ws/build/cobra_moveit_config' returned '0': AMENT_PREFIX_PATH=/home/aj/ros2_ws/install/cobrotic:/home/aj/ros2_ws/install/cobra_moveit_config:/opt/ros/humble CMAKE_PREFIX_PATH=${CMAKE_PREFIX_PATH}:/home/aj/ros2_ws/install/cobrotic:/opt/ros/humble /usr/bin/cmake --build /home/aj/ros2_ws/build/cobra_moveit_config -- -j16 -l16
[0.076s] Invoking command in '/home/aj/ros2_ws/build/cobra_moveit_config': AMENT_PREFIX_PATH=/home/aj/ros2_ws/install/cobrotic:/home/aj/ros2_ws/install/cobra_moveit_config:/opt/ros/humble CMAKE_PREFIX_PATH=${CMAKE_PREFIX_PATH}:/home/aj/ros2_ws/install/cobrotic:/opt/ros/humble /usr/bin/cmake --install /home/aj/ros2_ws/build/cobra_moveit_config
[0.080s] -- Install configuration: ""
[0.080s] -- Up-to-date: /home/aj/ros2_ws/install/cobra_moveit_config/share/ament_index/resource_index/package_run_dependencies/cobra_moveit_config
[0.080s] -- Up-to-date: /home/aj/ros2_ws/install/cobra_moveit_config/share/ament_index/resource_index/parent_prefix_path/cobra_moveit_config
[0.080s] -- Up-to-date: /home/aj/ros2_ws/install/cobra_moveit_config/share/cobra_moveit_config/environment/ament_prefix_path.sh
[0.080s] -- Up-to-date: /home/aj/ros2_ws/install/cobra_moveit_config/share/cobra_moveit_config/environment/ament_prefix_path.dsv
[0.081s] -- Up-to-date: /home/aj/ros2_ws/install/cobra_moveit_config/share/cobra_moveit_config/environment/path.sh
[0.081s] -- Up-to-date: /home/aj/ros2_ws/install/cobra_moveit_config/share/cobra_moveit_config/environment/path.dsv
[0.081s] -- Up-to-date: /home/aj/ros2_ws/install/cobra_moveit_config/share/cobra_moveit_config/local_setup.bash
[0.081s] -- Up-to-date: /home/aj/ros2_ws/install/cobra_moveit_config/share/cobra_moveit_config/local_setup.sh
[0.081s] -- Up-to-date: /home/aj/ros2_ws/install/cobra_moveit_config/share/cobra_moveit_config/local_setup.zsh
[0.081s] -- Up-to-date: /home/aj/ros2_ws/install/cobra_moveit_config/share/cobra_moveit_config/local_setup.dsv
[0.081s] -- Installing: /home/aj/ros2_ws/install/cobra_moveit_config/share/cobra_moveit_config/package.dsv
[0.081s] -- Up-to-date: /home/aj/ros2_ws/install/cobra_moveit_config/share/ament_index/resource_index/packages/cobra_moveit_config
[0.081s] -- Up-to-date: /home/aj/ros2_ws/install/cobra_moveit_config/share/cobra_moveit_config/cmake/cobra_moveit_configConfig.cmake
[0.081s] -- Up-to-date: /home/aj/ros2_ws/install/cobra_moveit_config/share/cobra_moveit_config/cmake/cobra_moveit_configConfig-version.cmake
[0.081s] -- Up-to-date: /home/aj/ros2_ws/install/cobra_moveit_config/share/cobra_moveit_config/package.xml
[0.082s] -- Up-to-date: /home/aj/ros2_ws/install/cobra_moveit_config/share/cobra_moveit_config/launch
[0.082s] -- Up-to-date: /home/aj/ros2_ws/install/cobra_moveit_config/share/cobra_moveit_config/launch/move_group.launch.py
[0.082s] -- Up-to-date: /home/aj/ros2_ws/install/cobra_moveit_config/share/cobra_moveit_config/launch/warehouse_db.launch.py
[0.082s] -- Up-to-date: /home/aj/ros2_ws/install/cobra_moveit_config/share/cobra_moveit_config/launch/rsp.launch.py
[0.082s] -- Up-to-date: /home/aj/ros2_ws/install/cobra_moveit_config/share/cobra_moveit_config/launch/moveit_rviz.launch.py
[0.082s] -- Up-to-date: /home/aj/ros2_ws/install/cobra_moveit_config/share/cobra_moveit_config/launch/spawn_controllers.launch.py
[0.082s] -- Up-to-date: /home/aj/ros2_ws/install/cobra_moveit_config/share/cobra_moveit_config/launch/setup_assistant.launch.py
[0.082s] -- Up-to-date: /home/aj/ros2_ws/install/cobra_moveit_config/share/cobra_moveit_config/launch/static_virtual_joint_tfs.launch.py
[0.082s] -- Up-to-date: /home/aj/ros2_ws/install/cobra_moveit_config/share/cobra_moveit_config/launch/demo.launch.py
[0.082s] -- Up-to-date: /home/aj/ros2_ws/install/cobra_moveit_config/share/cobra_moveit_config/config
[0.083s] -- Up-to-date: /home/aj/ros2_ws/install/cobra_moveit_config/share/cobra_moveit_config/config/joint_limits.yaml
[0.083s] -- Up-to-date: /home/aj/ros2_ws/install/cobra_moveit_config/share/cobra_moveit_config/config/cobra.ros2_control.xacro
[0.083s] -- Up-to-date: /home/aj/ros2_ws/install/cobra_moveit_config/share/cobra_moveit_config/config/kinematics.yaml
[0.083s] -- Up-to-date: /home/aj/ros2_ws/install/cobra_moveit_config/share/cobra_moveit_config/config/ros2_controllers.yaml
[0.083s] -- Up-to-date: /home/aj/ros2_ws/install/cobra_moveit_config/share/cobra_moveit_config/config/cobra.srdf
[0.083s] -- Up-to-date: /home/aj/ros2_ws/install/cobra_moveit_config/share/cobra_moveit_config/config/cobra.urdf.xacro
[0.083s] -- Up-to-date: /home/aj/ros2_ws/install/cobra_moveit_config/share/cobra_moveit_config/config/moveit.rviz
[0.083s] -- Up-to-date: /home/aj/ros2_ws/install/cobra_moveit_config/share/cobra_moveit_config/config/initial_positions.yaml
[0.083s] -- Up-to-date: /home/aj/ros2_ws/install/cobra_moveit_config/share/cobra_moveit_config/config/moveit_controllers.yaml
[0.084s] -- Up-to-date: /home/aj/ros2_ws/install/cobra_moveit_config/share/cobra_moveit_config/config/pilz_cartesian_limits.yaml
[0.084s] -- Up-to-date: /home/aj/ros2_ws/install/cobra_moveit_config/share/cobra_moveit_config/.setup_assistant
[0.085s] Invoked command in '/home/aj/ros2_ws/build/cobra_moveit_config' returned '0': AMENT_PREFIX_PATH=/home/aj/ros2_ws/install/cobrotic:/home/aj/ros2_ws/install/cobra_moveit_config:/opt/ros/humble CMAKE_PREFIX_PATH=${CMAKE_PREFIX_PATH}:/home/aj/ros2_ws/install/cobrotic:/opt/ros/humble /usr/bin/cmake --install /home/aj/ros2_ws/build/cobra_moveit_config
