[0.457s] Invoking command in '/home/aj/ros2_ws/src/cobrotic': PYTHONPATH=/home/aj/ros2_ws/build/cobrotic/prefix_override:/usr/lib/python3/dist-packages/colcon_core/task/python/colcon_distutils_commands:/home/aj/ros2_ws/install/cobrotic/lib/python3.10/site-packages:${PYTHONPATH} /usr/bin/python3 -W ignore:setup.py install is deprecated -W ignore:easy_install command is deprecated setup.py egg_info --egg-base ../../build/cobrotic build --build-base /home/aj/ros2_ws/build/cobrotic/build install --record /home/aj/ros2_ws/build/cobrotic/install.log --single-version-externally-managed install_data
[0.585s] running egg_info
[0.585s] writing ../../build/cobrotic/cobrotic.egg-info/PKG-INFO
[0.585s] writing dependency_links to ../../build/cobrotic/cobrotic.egg-info/dependency_links.txt
[0.585s] writing entry points to ../../build/cobrotic/cobrotic.egg-info/entry_points.txt
[0.586s] writing requirements to ../../build/cobrotic/cobrotic.egg-info/requires.txt
[0.586s] writing top-level names to ../../build/cobrotic/cobrotic.egg-info/top_level.txt
[0.586s] reading manifest file '../../build/cobrotic/cobrotic.egg-info/SOURCES.txt'
[0.587s] writing manifest file '../../build/cobrotic/cobrotic.egg-info/SOURCES.txt'
[0.587s] running build
[0.587s] running install
[0.588s] running install_data
[0.588s] running install_egg_info
[0.590s] removing '/home/aj/ros2_ws/install/cobrotic/lib/python3.10/site-packages/cobrotic-0.0.0-py3.10.egg-info' (and everything under it)
[0.591s] Copying ../../build/cobrotic/cobrotic.egg-info to /home/aj/ros2_ws/install/cobrotic/lib/python3.10/site-packages/cobrotic-0.0.0-py3.10.egg-info
[0.592s] running install_scripts
[0.604s] Installing moveit2_to_arduino script to /home/aj/ros2_ws/install/cobrotic/lib/cobrotic
[0.604s] Installing ros2_to_arduino script to /home/aj/ros2_ws/install/cobrotic/lib/cobrotic
[0.604s] writing list of installed files to '/home/aj/ros2_ws/build/cobrotic/install.log'
[0.619s] Invoked command in '/home/aj/ros2_ws/src/cobrotic' returned '0': PYTHONPATH=/home/aj/ros2_ws/build/cobrotic/prefix_override:/usr/lib/python3/dist-packages/colcon_core/task/python/colcon_distutils_commands:/home/aj/ros2_ws/install/cobrotic/lib/python3.10/site-packages:${PYTHONPATH} /usr/bin/python3 -W ignore:setup.py install is deprecated -W ignore:easy_install command is deprecated setup.py egg_info --egg-base ../../build/cobrotic build --build-base /home/aj/ros2_ws/build/cobrotic/build install --record /home/aj/ros2_ws/build/cobrotic/install.log --single-version-externally-managed install_data
