running egg_info
creating ../../build/cobrotic/cobrotic.egg-info
writing ../../build/cobrotic/cobrotic.egg-info/PKG-INFO
writing dependency_links to ../../build/cobrotic/cobrotic.egg-info/dependency_links.txt
writing entry points to ../../build/cobrotic/cobrotic.egg-info/entry_points.txt
writing requirements to ../../build/cobrotic/cobrotic.egg-info/requires.txt
writing top-level names to ../../build/cobrotic/cobrotic.egg-info/top_level.txt
writing manifest file '../../build/cobrotic/cobrotic.egg-info/SOURCES.txt'
reading manifest file '../../build/cobrotic/cobrotic.egg-info/SOURCES.txt'
writing manifest file '../../build/cobrotic/cobrotic.egg-info/SOURCES.txt'
running build
running install
running install_data
creating /home/aj/ros2_ws/install/cobrotic/share/ament_index
creating /home/aj/ros2_ws/install/cobrotic/share/ament_index/resource_index
creating /home/aj/ros2_ws/install/cobrotic/share/ament_index/resource_index/packages
copying resource/cobrotic -> /home/aj/ros2_ws/install/cobrotic/share/ament_index/resource_index/packages
copying package.xml -> /home/aj/ros2_ws/install/cobrotic/share/cobrotic
creating /home/aj/ros2_ws/install/cobrotic/share/cobrotic/launch
copying launch/pick_an_obj.launch.py:Zone.Identifier -> /home/aj/ros2_ws/install/cobrotic/share/cobrotic/launch
copying launch/pose_recorder.launch.py -> /home/aj/ros2_ws/install/cobrotic/share/cobrotic/launch
copying launch/moveit2_to_arduino.launch.py:Zone.Identifier -> /home/aj/ros2_ws/install/cobrotic/share/cobrotic/launch
copying launch/ros2_to_arduino.launch.py -> /home/aj/ros2_ws/install/cobrotic/share/cobrotic/launch
copying launch/pose_recorder.launch.py:Zone.Identifier -> /home/aj/ros2_ws/install/cobrotic/share/cobrotic/launch
copying launch/ros2_to_arduino.launch.py:Zone.Identifier -> /home/aj/ros2_ws/install/cobrotic/share/cobrotic/launch
copying launch/moveit2_to_arduino.launch.py -> /home/aj/ros2_ws/install/cobrotic/share/cobrotic/launch
copying launch/display.launch.py -> /home/aj/ros2_ws/install/cobrotic/share/cobrotic/launch
copying launch/pick_an_obj.launch.py -> /home/aj/ros2_ws/install/cobrotic/share/cobrotic/launch
copying launch/display.launch.py:Zone.Identifier -> /home/aj/ros2_ws/install/cobrotic/share/cobrotic/launch
copying urdf/cobra.rviz:Zone.Identifier -> /home/aj/ros2_ws/install/cobrotic/share/cobrotic
copying urdf/cobra.urdf:Zone.Identifier -> /home/aj/ros2_ws/install/cobrotic/share/cobrotic
copying urdf/cobra.urdf -> /home/aj/ros2_ws/install/cobrotic/share/cobrotic
copying urdf/cobra.rviz -> /home/aj/ros2_ws/install/cobrotic/share/cobrotic
running install_egg_info
Copying ../../build/cobrotic/cobrotic.egg-info to /home/aj/ros2_ws/install/cobrotic/lib/python3.10/site-packages/cobrotic-0.0.0-py3.10.egg-info
running install_scripts
writing list of installed files to '/home/aj/ros2_ws/build/cobrotic/install.log'
