[0.677s] Invoking command in '/home/aj/ros2_ws/src/cobrotic': PYTHONPATH=/home/aj/ros2_ws/build/cobrotic/prefix_override:/usr/lib/python3/dist-packages/colcon_core/task/python/colcon_distutils_commands:/home/aj/ros2_ws/install/cobrotic/lib/python3.10/site-packages:${PYTHONPATH} /usr/bin/python3 -W ignore:setup.py install is deprecated -W ignore:easy_install command is deprecated setup.py egg_info --egg-base ../../build/cobrotic build --build-base /home/aj/ros2_ws/build/cobrotic/build install --record /home/aj/ros2_ws/build/cobrotic/install.log --single-version-externally-managed install_data
[0.829s] running egg_info
[0.829s] creating ../../build/cobrotic/cobrotic.egg-info
[0.829s] writing ../../build/cobrotic/cobrotic.egg-info/PKG-INFO
[0.829s] writing dependency_links to ../../build/cobrotic/cobrotic.egg-info/dependency_links.txt
[0.830s] writing entry points to ../../build/cobrotic/cobrotic.egg-info/entry_points.txt
[0.830s] writing requirements to ../../build/cobrotic/cobrotic.egg-info/requires.txt
[0.830s] writing top-level names to ../../build/cobrotic/cobrotic.egg-info/top_level.txt
[0.830s] writing manifest file '../../build/cobrotic/cobrotic.egg-info/SOURCES.txt'
[0.830s] reading manifest file '../../build/cobrotic/cobrotic.egg-info/SOURCES.txt'
[0.831s] writing manifest file '../../build/cobrotic/cobrotic.egg-info/SOURCES.txt'
[0.831s] running build
[0.831s] running install
[0.831s] running install_data
[0.831s] creating /home/aj/ros2_ws/install/cobrotic/share/ament_index
[0.831s] creating /home/aj/ros2_ws/install/cobrotic/share/ament_index/resource_index
[0.832s] creating /home/aj/ros2_ws/install/cobrotic/share/ament_index/resource_index/packages
[0.832s] copying resource/cobrotic -> /home/aj/ros2_ws/install/cobrotic/share/ament_index/resource_index/packages
[0.832s] copying package.xml -> /home/aj/ros2_ws/install/cobrotic/share/cobrotic
[0.832s] creating /home/aj/ros2_ws/install/cobrotic/share/cobrotic/launch
[0.832s] copying launch/pick_an_obj.launch.py:Zone.Identifier -> /home/aj/ros2_ws/install/cobrotic/share/cobrotic/launch
[0.832s] copying launch/pose_recorder.launch.py -> /home/aj/ros2_ws/install/cobrotic/share/cobrotic/launch
[0.832s] copying launch/moveit2_to_arduino.launch.py:Zone.Identifier -> /home/aj/ros2_ws/install/cobrotic/share/cobrotic/launch
[0.832s] copying launch/ros2_to_arduino.launch.py -> /home/aj/ros2_ws/install/cobrotic/share/cobrotic/launch
[0.833s] copying launch/pose_recorder.launch.py:Zone.Identifier -> /home/aj/ros2_ws/install/cobrotic/share/cobrotic/launch
[0.833s] copying launch/ros2_to_arduino.launch.py:Zone.Identifier -> /home/aj/ros2_ws/install/cobrotic/share/cobrotic/launch
[0.833s] copying launch/moveit2_to_arduino.launch.py -> /home/aj/ros2_ws/install/cobrotic/share/cobrotic/launch
[0.833s] copying launch/display.launch.py -> /home/aj/ros2_ws/install/cobrotic/share/cobrotic/launch
[0.833s] copying launch/pick_an_obj.launch.py -> /home/aj/ros2_ws/install/cobrotic/share/cobrotic/launch
[0.833s] copying launch/display.launch.py:Zone.Identifier -> /home/aj/ros2_ws/install/cobrotic/share/cobrotic/launch
[0.833s] copying urdf/cobra.rviz:Zone.Identifier -> /home/aj/ros2_ws/install/cobrotic/share/cobrotic
[0.833s] copying urdf/cobra.urdf:Zone.Identifier -> /home/aj/ros2_ws/install/cobrotic/share/cobrotic
[0.833s] copying urdf/cobra.urdf -> /home/aj/ros2_ws/install/cobrotic/share/cobrotic
[0.833s] copying urdf/cobra.rviz -> /home/aj/ros2_ws/install/cobrotic/share/cobrotic
[0.833s] running install_egg_info
[0.835s] Copying ../../build/cobrotic/cobrotic.egg-info to /home/aj/ros2_ws/install/cobrotic/lib/python3.10/site-packages/cobrotic-0.0.0-py3.10.egg-info
[0.835s] running install_scripts
[0.848s] writing list of installed files to '/home/aj/ros2_ws/build/cobrotic/install.log'
[0.863s] Invoked command in '/home/aj/ros2_ws/src/cobrotic' returned '0': PYTHONPATH=/home/aj/ros2_ws/build/cobrotic/prefix_override:/usr/lib/python3/dist-packages/colcon_core/task/python/colcon_distutils_commands:/home/aj/ros2_ws/install/cobrotic/lib/python3.10/site-packages:${PYTHONPATH} /usr/bin/python3 -W ignore:setup.py install is deprecated -W ignore:easy_install command is deprecated setup.py egg_info --egg-base ../../build/cobrotic build --build-base /home/aj/ros2_ws/build/cobrotic/build install --record /home/aj/ros2_ws/build/cobrotic/install.log --single-version-externally-managed install_data
